Generate the report at 2026-03-31T17:53:16, GitVersion: aa25008b3778a76ae1975c839d4cc459f7f7b3b7.
+-------------------+--------------------------+------------+------------+---------------+-------+--------+-----------+
| Endpoint          | Clock Group              | Delay Type | Path Delay | Path Required | CPPR  | Slack  | Freq(MHz) |
+-------------------+--------------------------+------------+------------+---------------+-------+--------+-----------+
| acc_0_            | clk                      | max        | 0.109r     | -2.000        | 0.000 | -2.109 | 321.602   |
| acc_3_            | clk                      | max        | 0.099r     | -2.000        | 0.000 | -2.099 | 322.677   |
| acc_0_            | clk                      | max        | 0.097f     | -2.000        | 0.000 | -2.097 | 322.907   |
| acc_2_            | clk                      | max        | 0.094r     | -2.000        | 0.000 | -2.094 | 323.170   |
| acc_4_            | clk                      | max        | 0.093r     | -2.000        | 0.000 | -2.093 | 323.266   |
| en_ICGX0P5H7L_E:E | **clock_gating_default** | max        | 2.000r     | 1.000         | 0.000 | -1.000 | NA        |
| en_ICGX0P5H7L_E:E | **clock_gating_default** | max        | 2.000f     | 1.000         | 0.000 | -1.000 | NA        |
| carry_reg_p:D     | clk                      | min        | 0.125r     | -0.012        | 0.000 | 0.138  | NA        |
| carry_reg_p:D     | clk                      | min        | 0.122f     | -0.023        | 0.000 | 0.146  | NA        |
| acc[0]_reg_p:D    | clk                      | min        | 0.164r     | -0.012        | 0.000 | 0.176  | NA        |
| acc[1]_reg_p:D    | clk                      | min        | 0.165r     | -0.012        | 0.000 | 0.177  | NA        |
| acc[3]_reg_p:D    | clk                      | min        | 0.172r     | -0.009        | 0.000 | 0.180  | NA        |
| en_ICGX0P5H7L_E:E | **clock_gating_default** | min        | 2.000r     | 0.000         | 0.000 | 2.000  | NA        |
| en_ICGX0P5H7L_E:E | **clock_gating_default** | min        | 2.000f     | 0.000         | 0.000 | 2.000  | NA        |
+-------------------+--------------------------+------------+------------+---------------+-------+--------+-----------+
+-------+------------+---------+
| Clock | Delay Type | TNS     |
+-------+------------+---------+
| clk   | max        | -76.748 |
| clk   | min        | 0.000   |
+-------+------------+---------+
+----------------------------------+--------+-------------+------------+------------+-------------+--------+-----------------+
| Point                            | Fanout | Capacitance | Resistance | Transition | Delta Delay | Incr   | Path            |
+----------------------------------+--------+-------------+------------+------------+-------------+--------+-----------------+
| clk (port)                       |        | 0.002       | 0.000      | 0.000      |             | 0.000  | 0.000r          |
| clk (clock net)                  | 1      |             |            |            | NA          |        |                 |
| en_ICGX0P5H7L_E:CK (ICGX0P5H7L)  |        | 0.002       | 0.000      | 0.000      |             | 0.000  | 0.000r          |
| en_ICGX0P5H7L_E:ECK (ICGX0P5H7L) |        | 0.011       | 0.000      | 0.000      |             | 0.000  | 0.000r          |
| carry_reg_p_CK (clock net)       | 9      |             |            |            | NA          |        |                 |
| acc[0]_reg_p:CK (DFFRQX2H7L)     |        | 0.001       | 0.000      | 0.000      |             | 0.000  | 0.000r          |
| clock clk (rise edge)            |        |             |            |            |             | 0      | 0               |
| clock network delay (ideal)      |        |             |            |            |             | 0.000  | 0.000           |
| acc[0]_reg_p:CK (DFFRQX2H7L)     |        | 0.001       | 0.000      | 0.000      |             | 0.000  | 0.000r          |
| acc[0]_reg_p:Q (DFFRQX2H7L)      |        | 0.006       | 0.000      | 0.072      |             | 0.109  | 0.109r          |
| acc_0_ (port)                    |        | 0.000       | 0.000      | 0.072      |             | 0.000  | 0.109r          |
|                                  |        |             |            |            |             |        |                 |
| clk (port)                       |        | 0.001       | 0.000      | 0.000      |             | 0.000  | 0.000r          |
| clock clk (rise edge)            |        |             |            |            |             | 1      | 1               |
| clock network delay (ideal)      |        |             |            |            |             | 0.000  | 1.000           |
| clk (port)                       |        |             |            |            |             |        | 1.000r          |
| output external max delay time   |        |             |            |            |             | -3.000 | -2.000          |
|                                  |        |             |            |            |             |        |                 |
| path cell delay                  |        |             |            |            |             |        | 0.109(100.000%) |
| path net delay                   |        |             |            |            |             |        | 0.000(0.000%)   |
|                                  |        |             |            |            |             |        |                 |
| data require time                |        |             |            |            |             |        | -2.000          |
| data arrival time                |        |             |            |            |             |        | 0.109           |
| slack (VIOLATED)                 |        |             |            |            |             |        | -2.109          |
+----------------------------------+--------+-------------+------------+------------+-------------+--------+-----------------+
+----------------------------------+--------+-------------+------------+------------+-------------+--------+-----------------+
| Point                            | Fanout | Capacitance | Resistance | Transition | Delta Delay | Incr   | Path            |
+----------------------------------+--------+-------------+------------+------------+-------------+--------+-----------------+
| clk (port)                       |        | 0.002       | 0.000      | 0.000      |             | 0.000  | 0.000r          |
| clk (clock net)                  | 1      |             |            |            | NA          |        |                 |
| en_ICGX0P5H7L_E:CK (ICGX0P5H7L)  |        | 0.002       | 0.000      | 0.000      |             | 0.000  | 0.000r          |
| en_ICGX0P5H7L_E:ECK (ICGX0P5H7L) |        | 0.011       | 0.000      | 0.000      |             | 0.000  | 0.000r          |
| carry_reg_p_CK (clock net)       | 9      |             |            |            | NA          |        |                 |
| acc[3]_reg_p:CK (DFFRQX2H7L)     |        | 0.001       | 0.000      | 0.000      |             | 0.000  | 0.000r          |
| clock clk (rise edge)            |        |             |            |            |             | 0      | 0               |
| clock network delay (ideal)      |        |             |            |            |             | 0.000  | 0.000           |
| acc[3]_reg_p:CK (DFFRQX2H7L)     |        | 0.001       | 0.000      | 0.000      |             | 0.000  | 0.000r          |
| acc[3]_reg_p:Q (DFFRQX2H7L)      |        | 0.004       | 0.000      | 0.057      |             | 0.099  | 0.099r          |
| acc_3_ (port)                    |        | 0.000       | 0.000      | 0.057      |             | 0.000  | 0.099r          |
|                                  |        |             |            |            |             |        |                 |
| clk (port)                       |        | 0.001       | 0.000      | 0.000      |             | 0.000  | 0.000r          |
| clock clk (rise edge)            |        |             |            |            |             | 1      | 1               |
| clock network delay (ideal)      |        |             |            |            |             | 0.000  | 1.000           |
| clk (port)                       |        |             |            |            |             |        | 1.000r          |
| output external max delay time   |        |             |            |            |             | -3.000 | -2.000          |
|                                  |        |             |            |            |             |        |                 |
| path cell delay                  |        |             |            |            |             |        | 0.099(100.000%) |
| path net delay                   |        |             |            |            |             |        | 0.000(0.000%)   |
|                                  |        |             |            |            |             |        |                 |
| data require time                |        |             |            |            |             |        | -2.000          |
| data arrival time                |        |             |            |            |             |        | 0.099           |
| slack (VIOLATED)                 |        |             |            |            |             |        | -2.099          |
+----------------------------------+--------+-------------+------------+------------+-------------+--------+-----------------+
+----------------------------------+--------+-------------+------------+------------+-------------+--------+-----------------+
| Point                            | Fanout | Capacitance | Resistance | Transition | Delta Delay | Incr   | Path            |
+----------------------------------+--------+-------------+------------+------------+-------------+--------+-----------------+
| clk (port)                       |        | 0.002       | 0.000      | 0.000      |             | 0.000  | 0.000r          |
| clk (clock net)                  | 1      |             |            |            | NA          |        |                 |
| en_ICGX0P5H7L_E:CK (ICGX0P5H7L)  |        | 0.002       | 0.000      | 0.000      |             | 0.000  | 0.000r          |
| en_ICGX0P5H7L_E:ECK (ICGX0P5H7L) |        | 0.011       | 0.000      | 0.000      |             | 0.000  | 0.000r          |
| carry_reg_p_CK (clock net)       | 9      |             |            |            | NA          |        |                 |
| acc[0]_reg_p:CK (DFFRQX2H7L)     |        | 0.001       | 0.000      | 0.000      |             | 0.000  | 0.000r          |
| clock clk (rise edge)            |        |             |            |            |             | 0      | 0               |
| clock network delay (ideal)      |        |             |            |            |             | 0.000  | 0.000           |
| acc[0]_reg_p:CK (DFFRQX2H7L)     |        | 0.001       | 0.000      | 0.000      |             | 0.000  | 0.000r          |
| acc[0]_reg_p:Q (DFFRQX2H7L)      |        | 0.006       | 0.000      | 0.058      |             | 0.097  | 0.097f          |
| acc_0_ (port)                    |        | 0.000       | 0.000      | 0.058      |             | 0.000  | 0.097f          |
|                                  |        |             |            |            |             |        |                 |
| clk (port)                       |        | 0.001       | 0.000      | 0.000      |             | 0.000  | 0.000r          |
| clock clk (rise edge)            |        |             |            |            |             | 1      | 1               |
| clock network delay (ideal)      |        |             |            |            |             | 0.000  | 1.000           |
| clk (port)                       |        |             |            |            |             |        | 1.000r          |
| output external max delay time   |        |             |            |            |             | -3.000 | -2.000          |
|                                  |        |             |            |            |             |        |                 |
| path cell delay                  |        |             |            |            |             |        | 0.097(100.000%) |
| path net delay                   |        |             |            |            |             |        | 0.000(0.000%)   |
|                                  |        |             |            |            |             |        |                 |
| data require time                |        |             |            |            |             |        | -2.000          |
| data arrival time                |        |             |            |            |             |        | 0.097           |
| slack (VIOLATED)                 |        |             |            |            |             |        | -2.097          |
+----------------------------------+--------+-------------+------------+------------+-------------+--------+-----------------+
+----------------------------------+--------+-------------+------------+------------+-------------+--------+-----------------+
| Point                            | Fanout | Capacitance | Resistance | Transition | Delta Delay | Incr   | Path            |
+----------------------------------+--------+-------------+------------+------------+-------------+--------+-----------------+
| clk (port)                       |        | 0.002       | 0.000      | 0.000      |             | 0.000  | 0.000r          |
| clk (clock net)                  | 1      |             |            |            | NA          |        |                 |
| en_ICGX0P5H7L_E:CK (ICGX0P5H7L)  |        | 0.002       | 0.000      | 0.000      |             | 0.000  | 0.000r          |
| en_ICGX0P5H7L_E:ECK (ICGX0P5H7L) |        | 0.011       | 0.000      | 0.000      |             | 0.000  | 0.000r          |
| carry_reg_p_CK (clock net)       | 9      |             |            |            | NA          |        |                 |
| acc[2]_reg_p:CK (DFFRQX2H7L)     |        | 0.001       | 0.000      | 0.000      |             | 0.000  | 0.000r          |
| clock clk (rise edge)            |        |             |            |            |             | 0      | 0               |
| clock network delay (ideal)      |        |             |            |            |             | 0.000  | 0.000           |
| acc[2]_reg_p:CK (DFFRQX2H7L)     |        | 0.001       | 0.000      | 0.000      |             | 0.000  | 0.000r          |
| acc[2]_reg_p:Q (DFFRQX2H7L)      |        | 0.003       | 0.000      | 0.051      |             | 0.094  | 0.094r          |
| acc_2_ (port)                    |        | 0.000       | 0.000      | 0.051      |             | 0.000  | 0.094r          |
|                                  |        |             |            |            |             |        |                 |
| clk (port)                       |        | 0.001       | 0.000      | 0.000      |             | 0.000  | 0.000r          |
| clock clk (rise edge)            |        |             |            |            |             | 1      | 1               |
| clock network delay (ideal)      |        |             |            |            |             | 0.000  | 1.000           |
| clk (port)                       |        |             |            |            |             |        | 1.000r          |
| output external max delay time   |        |             |            |            |             | -3.000 | -2.000          |
|                                  |        |             |            |            |             |        |                 |
| path cell delay                  |        |             |            |            |             |        | 0.094(100.000%) |
| path net delay                   |        |             |            |            |             |        | 0.000(0.000%)   |
|                                  |        |             |            |            |             |        |                 |
| data require time                |        |             |            |            |             |        | -2.000          |
| data arrival time                |        |             |            |            |             |        | 0.094           |
| slack (VIOLATED)                 |        |             |            |            |             |        | -2.094          |
+----------------------------------+--------+-------------+------------+------------+-------------+--------+-----------------+
+----------------------------------+--------+-------------+------------+------------+-------------+--------+-----------------+
| Point                            | Fanout | Capacitance | Resistance | Transition | Delta Delay | Incr   | Path            |
+----------------------------------+--------+-------------+------------+------------+-------------+--------+-----------------+
| clk (port)                       |        | 0.002       | 0.000      | 0.000      |             | 0.000  | 0.000r          |
| clk (clock net)                  | 1      |             |            |            | NA          |        |                 |
| en_ICGX0P5H7L_E:CK (ICGX0P5H7L)  |        | 0.002       | 0.000      | 0.000      |             | 0.000  | 0.000r          |
| en_ICGX0P5H7L_E:ECK (ICGX0P5H7L) |        | 0.011       | 0.000      | 0.000      |             | 0.000  | 0.000r          |
| carry_reg_p_CK (clock net)       | 9      |             |            |            | NA          |        |                 |
| acc[4]_reg_p:CK (DFFRQX2H7L)     |        | 0.001       | 0.000      | 0.000      |             | 0.000  | 0.000r          |
| clock clk (rise edge)            |        |             |            |            |             | 0      | 0               |
| clock network delay (ideal)      |        |             |            |            |             | 0.000  | 0.000           |
| acc[4]_reg_p:CK (DFFRQX2H7L)     |        | 0.001       | 0.000      | 0.000      |             | 0.000  | 0.000r          |
| acc[4]_reg_p:Q (DFFRQX2H7L)      |        | 0.003       | 0.000      | 0.050      |             | 0.093  | 0.093r          |
| acc_4_ (port)                    |        | 0.000       | 0.000      | 0.050      |             | 0.000  | 0.093r          |
|                                  |        |             |            |            |             |        |                 |
| clk (port)                       |        | 0.001       | 0.000      | 0.000      |             | 0.000  | 0.000r          |
| clock clk (rise edge)            |        |             |            |            |             | 1      | 1               |
| clock network delay (ideal)      |        |             |            |            |             | 0.000  | 1.000           |
| clk (port)                       |        |             |            |            |             |        | 1.000r          |
| output external max delay time   |        |             |            |            |             | -3.000 | -2.000          |
|                                  |        |             |            |            |             |        |                 |
| path cell delay                  |        |             |            |            |             |        | 0.093(100.000%) |
| path net delay                   |        |             |            |            |             |        | 0.000(0.000%)   |
|                                  |        |             |            |            |             |        |                 |
| data require time                |        |             |            |            |             |        | -2.000          |
| data arrival time                |        |             |            |            |             |        | 0.093           |
| slack (VIOLATED)                 |        |             |            |            |             |        | -2.093          |
+----------------------------------+--------+-------------+------------+------------+-------------+--------+-----------------+
+---------------------------------+--------+-------------+------------+------------+-------------+--------+---------------+
| Point                           | Fanout | Capacitance | Resistance | Transition | Delta Delay | Incr   | Path          |
+---------------------------------+--------+-------------+------------+------------+-------------+--------+---------------+
| en (port)                       |        | 0.001       | 0.000      | 0.000      |             | 0.000  | 0.000r        |
| clock clk (rise edge)           |        |             |            |            |             | 0      | 0             |
| clock network delay (ideal)     |        |             |            |            |             | 0.000  | 0.000         |
| en (port)                       |        | 0.001       | 0.000      | 0.000      |             | 2.000  | 2.000r        |
| en (net)                        | 1      |             |            |            | NA          |        |               |
| en_ICGX0P5H7L_E:E (ICGX0P5H7L)  |        | 0.001       | 0.000      | 0.000      |             | 0.000  | 2.000r        |
|                                 |        |             |            |            |             |        |               |
| clk (port)                      |        | 0.001       | 0.000      | 0.000      |             | 0.000  | 0.000r        |
| clk (clock net)                 | 1      |             |            |            | NA          |        |               |
| en_ICGX0P5H7L_E:CK (ICGX0P5H7L) |        | 0.002       | 0.000      | 0.000      |             | 0.000  | 0.000r        |
| clock clk (rise edge)           |        |             |            |            |             | 1      | 1             |
| clock network delay (ideal)     |        |             |            |            |             | 0.000  | 1.000         |
| en_ICGX0P5H7L_E:CK (ICGX0P5H7L) |        |             |            |            |             |        | 1.000r        |
| library setup time              |        |             |            |            |             | -0.000 | 1.000         |
| clock reconvergence pessimism   |        |             |            |            |             | 0.000  | 1.000         |
|                                 |        |             |            |            |             |        |               |
| path cell delay                 |        |             |            |            |             |        | 0.000(0.000%) |
| path net delay                  |        |             |            |            |             |        | 0.000(0.000%) |
|                                 |        |             |            |            |             |        |               |
| data require time               |        |             |            |            |             |        | 1.000         |
| data arrival time               |        |             |            |            |             |        | 2.000         |
| slack (VIOLATED)                |        |             |            |            |             |        | -1.000        |
+---------------------------------+--------+-------------+------------+------------+-------------+--------+---------------+
+---------------------------------+--------+-------------+------------+------------+-------------+--------+---------------+
| Point                           | Fanout | Capacitance | Resistance | Transition | Delta Delay | Incr   | Path          |
+---------------------------------+--------+-------------+------------+------------+-------------+--------+---------------+
| en (port)                       |        | 0.001       | 0.000      | 0.000      |             | 0.000  | 0.000r        |
| clock clk (rise edge)           |        |             |            |            |             | 0      | 0             |
| clock network delay (ideal)     |        |             |            |            |             | 0.000  | 0.000         |
| en (port)                       |        | 0.001       | 0.000      | 0.000      |             | 2.000  | 2.000f        |
| en (net)                        | 1      |             |            |            | NA          |        |               |
| en_ICGX0P5H7L_E:E (ICGX0P5H7L)  |        | 0.001       | 0.000      | 0.000      |             | 0.000  | 2.000f        |
|                                 |        |             |            |            |             |        |               |
| clk (port)                      |        | 0.001       | 0.000      | 0.000      |             | 0.000  | 0.000r        |
| clk (clock net)                 | 1      |             |            |            | NA          |        |               |
| en_ICGX0P5H7L_E:CK (ICGX0P5H7L) |        | 0.002       | 0.000      | 0.000      |             | 0.000  | 0.000r        |
| clock clk (rise edge)           |        |             |            |            |             | 1      | 1             |
| clock network delay (ideal)     |        |             |            |            |             | 0.000  | 1.000         |
| en_ICGX0P5H7L_E:CK (ICGX0P5H7L) |        |             |            |            |             |        | 1.000r        |
| library setup time              |        |             |            |            |             | -0.000 | 1.000         |
| clock reconvergence pessimism   |        |             |            |            |             | 0.000  | 1.000         |
|                                 |        |             |            |            |             |        |               |
| path cell delay                 |        |             |            |            |             |        | 0.000(0.000%) |
| path net delay                  |        |             |            |            |             |        | 0.000(0.000%) |
|                                 |        |             |            |            |             |        |               |
| data require time               |        |             |            |            |             |        | 1.000         |
| data arrival time               |        |             |            |            |             |        | 2.000         |
| slack (VIOLATED)                |        |             |            |            |             |        | -1.000        |
+---------------------------------+--------+-------------+------------+------------+-------------+--------+---------------+
+----------------------------------------------------------+--------+-------------+------------+------------+-------------+--------+-----------------+
| Point                                                    | Fanout | Capacitance | Resistance | Transition | Delta Delay | Incr   | Path            |
+----------------------------------------------------------+--------+-------------+------------+------------+-------------+--------+-----------------+
| clk (port)                                               |        | 0.001       | 0.000      | 0.000      |             | 0.000  | 0.000r          |
| clk (clock net)                                          | 1      |             |            |            | NA          |        |                 |
| en_ICGX0P5H7L_E:CK (ICGX0P5H7L)                          |        | 0.002       | 0.000      | 0.000      |             | 0.000  | 0.000r          |
| en_ICGX0P5H7L_E:ECK (ICGX0P5H7L)                         |        | 0.008       | 0.000      | 0.000      |             | 0.000  | 0.000r          |
| carry_reg_p_CK (clock net)                               | 9      |             |            |            | NA          |        |                 |
| acc[7]_reg_p:CK (DFFRQX2H7L)                             |        | 0.001       | 0.000      | 0.000      |             | 0.000  | 0.000r          |
| clock clk (rise edge)                                    |        |             |            |            |             | 0      | 0               |
| clock network delay (ideal)                              |        |             |            |            |             | 0.000  | 0.000           |
| acc[7]_reg_p:CK (DFFRQX2H7L)                             |        | 0.001       | 0.000      | 0.000      |             | 0.000  | 0.000r          |
| acc[7]_reg_p:Q (DFFRQX2H7L)                              |        | 0.002       | 0.000      | 0.036      |             | 0.083  | 0.083r          |
| acc_7_ (net)                                             | 4      |             |            |            | 0.000       |        |                 |
| sum_8__OAOI211X1P4H7L_Y_C0_NOR2X0P5H7L_Y:B (NOR2X0P5H7L) |        | 0.001       | 0.000      | 0.036      |             | 0.000  | 0.083r          |
| sum_8__OAOI211X1P4H7L_Y_C0_NOR2X0P5H7L_Y:Y (NOR2X0P5H7L) |        | 0.001       | 0.000      | 0.018      |             | 0.016  | 0.099f          |
| sum_8__OAOI211X1P4H7L_Y_C0 (net)                         | 1      |             |            |            | 0.000       |        |                 |
| sum_8__OAOI211X1P4H7L_Y:C0 (OAOI211X1P4H7L)              |        | 0.001       | 0.000      | 0.018      |             | 0.000  | 0.099f          |
| sum_8__OAOI211X1P4H7L_Y:Y (OAOI211X1P4H7L)               |        | 0.001       | 0.000      | 0.032      |             | 0.026  | 0.125r          |
| sum_8_ (net)                                             | 1      |             |            |            | 0.000       |        |                 |
| carry_reg_p:D (DFFRQX2H7L)                               |        | 0.001       | 0.000      | 0.032      |             | 0.000  | 0.125r          |
|                                                          |        |             |            |            |             |        |                 |
| clk (port)                                               |        | 0.002       | 0.000      | 0.000      |             | 0.000  | 0.000r          |
| clk (clock net)                                          | 1      |             |            |            | NA          |        |                 |
| en_ICGX0P5H7L_E:CK (ICGX0P5H7L)                          |        | 0.002       | 0.000      | 0.000      |             | 0.000  | 0.000r          |
| en_ICGX0P5H7L_E:ECK (ICGX0P5H7L)                         |        | 0.011       | 0.000      | 0.000      |             | 0.000  | 0.000r          |
| carry_reg_p_CK (clock net)                               | 9      |             |            |            | NA          |        |                 |
| carry_reg_p:CK (DFFRQX2H7L)                              |        | 0.001       | 0.000      | 0.000      |             | 0.000  | 0.000r          |
| clock clk (rise edge)                                    |        |             |            |            |             | 0      | 0               |
| clock network delay (ideal)                              |        |             |            |            |             | 0.000  | 0.000           |
| carry_reg_p:CK (DFFRQX2H7L)                              |        |             |            |            |             |        | 0.000r          |
| library hold time                                        |        |             |            |            |             | -0.012 | -0.012          |
| clock reconvergence pessimism                            |        |             |            |            |             | -0.000 | -0.012          |
|                                                          |        |             |            |            |             |        |                 |
| path cell delay                                          |        |             |            |            |             |        | 0.125(100.000%) |
| path net delay                                           |        |             |            |            |             |        | 0.000(0.000%)   |
|                                                          |        |             |            |            |             |        |                 |
| data require time                                        |        |             |            |            |             |        | -0.012          |
| data arrival time                                        |        |             |            |            |             |        | 0.125           |
| slack (MET)                                              |        |             |            |            |             |        | 0.138           |
+----------------------------------------------------------+--------+-------------+------------+------------+-------------+--------+-----------------+
+----------------------------------------------------------+--------+-------------+------------+------------+-------------+--------+-----------------+
| Point                                                    | Fanout | Capacitance | Resistance | Transition | Delta Delay | Incr   | Path            |
+----------------------------------------------------------+--------+-------------+------------+------------+-------------+--------+-----------------+
| clk (port)                                               |        | 0.001       | 0.000      | 0.000      |             | 0.000  | 0.000r          |
| clk (clock net)                                          | 1      |             |            |            | NA          |        |                 |
| en_ICGX0P5H7L_E:CK (ICGX0P5H7L)                          |        | 0.002       | 0.000      | 0.000      |             | 0.000  | 0.000r          |
| en_ICGX0P5H7L_E:ECK (ICGX0P5H7L)                         |        | 0.008       | 0.000      | 0.000      |             | 0.000  | 0.000r          |
| carry_reg_p_CK (clock net)                               | 9      |             |            |            | NA          |        |                 |
| acc[7]_reg_p:CK (DFFRQX2H7L)                             |        | 0.001       | 0.000      | 0.000      |             | 0.000  | 0.000r          |
| clock clk (rise edge)                                    |        |             |            |            |             | 0      | 0               |
| clock network delay (ideal)                              |        |             |            |            |             | 0.000  | 0.000           |
| acc[7]_reg_p:CK (DFFRQX2H7L)                             |        | 0.001       | 0.000      | 0.000      |             | 0.000  | 0.000r          |
| acc[7]_reg_p:Q (DFFRQX2H7L)                              |        | 0.002       | 0.000      | 0.034      |             | 0.075  | 0.075f          |
| acc_7_ (net)                                             | 4      |             |            |            | 0.000       |        |                 |
| sum_8__OAOI211X1P4H7L_Y_C0_NOR2X0P5H7L_Y:B (NOR2X0P5H7L) |        | 0.001       | 0.000      | 0.034      |             | 0.000  | 0.075f          |
| sum_8__OAOI211X1P4H7L_Y_C0_NOR2X0P5H7L_Y:Y (NOR2X0P5H7L) |        | 0.001       | 0.000      | 0.037      |             | 0.033  | 0.108r          |
| sum_8__OAOI211X1P4H7L_Y_C0 (net)                         | 1      |             |            |            | 0.000       |        |                 |
| sum_8__OAOI211X1P4H7L_Y:C0 (OAOI211X1P4H7L)              |        | 0.001       | 0.000      | 0.037      |             | 0.000  | 0.108r          |
| sum_8__OAOI211X1P4H7L_Y:Y (OAOI211X1P4H7L)               |        | 0.001       | 0.000      | 0.016      |             | 0.014  | 0.122f          |
| sum_8_ (net)                                             | 1      |             |            |            | 0.000       |        |                 |
| carry_reg_p:D (DFFRQX2H7L)                               |        | 0.001       | 0.000      | 0.016      |             | 0.000  | 0.122f          |
|                                                          |        |             |            |            |             |        |                 |
| clk (port)                                               |        | 0.002       | 0.000      | 0.000      |             | 0.000  | 0.000r          |
| clk (clock net)                                          | 1      |             |            |            | NA          |        |                 |
| en_ICGX0P5H7L_E:CK (ICGX0P5H7L)                          |        | 0.002       | 0.000      | 0.000      |             | 0.000  | 0.000r          |
| en_ICGX0P5H7L_E:ECK (ICGX0P5H7L)                         |        | 0.011       | 0.000      | 0.000      |             | 0.000  | 0.000r          |
| carry_reg_p_CK (clock net)                               | 9      |             |            |            | NA          |        |                 |
| carry_reg_p:CK (DFFRQX2H7L)                              |        | 0.001       | 0.000      | 0.000      |             | 0.000  | 0.000r          |
| clock clk (rise edge)                                    |        |             |            |            |             | 0      | 0               |
| clock network delay (ideal)                              |        |             |            |            |             | 0.000  | 0.000           |
| carry_reg_p:CK (DFFRQX2H7L)                              |        |             |            |            |             |        | 0.000r          |
| library hold time                                        |        |             |            |            |             | -0.023 | -0.023          |
| clock reconvergence pessimism                            |        |             |            |            |             | -0.000 | -0.023          |
|                                                          |        |             |            |            |             |        |                 |
| path cell delay                                          |        |             |            |            |             |        | 0.122(100.000%) |
| path net delay                                           |        |             |            |            |             |        | 0.000(0.000%)   |
|                                                          |        |             |            |            |             |        |                 |
| data require time                                        |        |             |            |            |             |        | -0.023          |
| data arrival time                                        |        |             |            |            |             |        | 0.122           |
| slack (MET)                                              |        |             |            |            |             |        | 0.146           |
+----------------------------------------------------------+--------+-------------+------------+------------+-------------+--------+-----------------+
+--------------------------------------+--------+-------------+------------+------------+-------------+--------+-----------------+
| Point                                | Fanout | Capacitance | Resistance | Transition | Delta Delay | Incr   | Path            |
+--------------------------------------+--------+-------------+------------+------------+-------------+--------+-----------------+
| clk (port)                           |        | 0.001       | 0.000      | 0.000      |             | 0.000  | 0.000r          |
| clk (clock net)                      | 1      |             |            |            | NA          |        |                 |
| en_ICGX0P5H7L_E:CK (ICGX0P5H7L)      |        | 0.002       | 0.000      | 0.000      |             | 0.000  | 0.000r          |
| en_ICGX0P5H7L_E:ECK (ICGX0P5H7L)     |        | 0.008       | 0.000      | 0.000      |             | 0.000  | 0.000r          |
| carry_reg_p_CK (clock net)           | 9      |             |            |            | NA          |        |                 |
| acc[0]_reg_p:CK (DFFRQX2H7L)         |        | 0.001       | 0.000      | 0.000      |             | 0.000  | 0.000r          |
| clock clk (rise edge)                |        |             |            |            |             | 0      | 0               |
| clock network delay (ideal)          |        |             |            |            |             | 0.000  | 0.000           |
| acc[0]_reg_p:CK (DFFRQX2H7L)         |        | 0.001       | 0.000      | 0.000      |             | 0.000  | 0.000r          |
| acc[0]_reg_p:Q (DFFRQX2H7L)          |        | 0.004       | 0.000      | 0.059      |             | 0.100  | 0.100r          |
| acc_0_ (net)                         | 5      |             |            |            | 0.000       |        |                 |
| sum_0__XOR2X0P5H7L_Y:B (XOR2X0P5H7L) |        | 0.001       | 0.000      | 0.059      |             | 0.000  | 0.100r          |
| sum_0__XOR2X0P5H7L_Y:Y (XOR2X0P5H7L) |        | 0.001       | 0.000      | 0.028      |             | 0.064  | 0.164r          |
| sum_0_ (net)                         | 1      |             |            |            | 0.000       |        |                 |
| acc[0]_reg_p:D (DFFRQX2H7L)          |        | 0.001       | 0.000      | 0.028      |             | 0.000  | 0.164r          |
|                                      |        |             |            |            |             |        |                 |
| clk (port)                           |        | 0.002       | 0.000      | 0.000      |             | 0.000  | 0.000r          |
| clk (clock net)                      | 1      |             |            |            | NA          |        |                 |
| en_ICGX0P5H7L_E:CK (ICGX0P5H7L)      |        | 0.002       | 0.000      | 0.000      |             | 0.000  | 0.000r          |
| en_ICGX0P5H7L_E:ECK (ICGX0P5H7L)     |        | 0.011       | 0.000      | 0.000      |             | 0.000  | 0.000r          |
| carry_reg_p_CK (clock net)           | 9      |             |            |            | NA          |        |                 |
| acc[0]_reg_p:CK (DFFRQX2H7L)         |        | 0.001       | 0.000      | 0.000      |             | 0.000  | 0.000r          |
| clock clk (rise edge)                |        |             |            |            |             | 0      | 0               |
| clock network delay (ideal)          |        |             |            |            |             | 0.000  | 0.000           |
| acc[0]_reg_p:CK (DFFRQX2H7L)         |        |             |            |            |             |        | 0.000r          |
| library hold time                    |        |             |            |            |             | -0.012 | -0.012          |
| clock reconvergence pessimism        |        |             |            |            |             | -0.000 | -0.012          |
|                                      |        |             |            |            |             |        |                 |
| path cell delay                      |        |             |            |            |             |        | 0.164(100.000%) |
| path net delay                       |        |             |            |            |             |        | 0.000(0.000%)   |
|                                      |        |             |            |            |             |        |                 |
| data require time                    |        |             |            |            |             |        | -0.012          |
| data arrival time                    |        |             |            |            |             |        | 0.164           |
| slack (MET)                          |        |             |            |            |             |        | 0.176           |
+--------------------------------------+--------+-------------+------------+------------+-------------+--------+-----------------+
+---------------------------------------------------------+--------+-------------+------------+------------+-------------+--------+-----------------+
| Point                                                   | Fanout | Capacitance | Resistance | Transition | Delta Delay | Incr   | Path            |
+---------------------------------------------------------+--------+-------------+------------+------------+-------------+--------+-----------------+
| clk (port)                                              |        | 0.001       | 0.000      | 0.000      |             | 0.000  | 0.000r          |
| clk (clock net)                                         | 1      |             |            |            | NA          |        |                 |
| en_ICGX0P5H7L_E:CK (ICGX0P5H7L)                         |        | 0.002       | 0.000      | 0.000      |             | 0.000  | 0.000r          |
| en_ICGX0P5H7L_E:ECK (ICGX0P5H7L)                        |        | 0.008       | 0.000      | 0.000      |             | 0.000  | 0.000r          |
| carry_reg_p_CK (clock net)                              | 9      |             |            |            | NA          |        |                 |
| acc[0]_reg_p:CK (DFFRQX2H7L)                            |        | 0.001       | 0.000      | 0.000      |             | 0.000  | 0.000r          |
| clock clk (rise edge)                                   |        |             |            |            |             | 0      | 0               |
| clock network delay (ideal)                             |        |             |            |            |             | 0.000  | 0.000           |
| acc[0]_reg_p:CK (DFFRQX2H7L)                            |        | 0.001       | 0.000      | 0.000      |             | 0.000  | 0.000r          |
| acc[0]_reg_p:Q (DFFRQX2H7L)                             |        | 0.005       | 0.000      | 0.049      |             | 0.090  | 0.090f          |
| acc_0_ (net)                                            | 5      |             |            |            | 0.000       |        |                 |
| sum_1__XNOR2X0P5H7L_Y_A_NAND2X0P5H7L_Y:B (NAND2X0P5H7L) |        | 0.001       | 0.000      | 0.049      |             | 0.000  | 0.090f          |
| sum_1__XNOR2X0P5H7L_Y_A_NAND2X0P5H7L_Y:Y (NAND2X0P5H7L) |        | 0.001       | 0.000      | 0.035      |             | 0.034  | 0.124r          |
| sum_1__XNOR2X0P5H7L_Y_A (net)                           | 1      |             |            |            | 0.000       |        |                 |
| sum_1__XNOR2X0P5H7L_Y:A (XNOR2X0P5H7L)                  |        | 0.002       | 0.000      | 0.035      |             | 0.000  | 0.124r          |
| sum_1__XNOR2X0P5H7L_Y:Y (XNOR2X0P5H7L)                  |        | 0.001       | 0.000      | 0.027      |             | 0.041  | 0.165r          |
| sum_1_ (net)                                            | 1      |             |            |            | 0.000       |        |                 |
| acc[1]_reg_p:D (DFFRQX2H7L)                             |        | 0.001       | 0.000      | 0.027      |             | 0.000  | 0.165r          |
|                                                         |        |             |            |            |             |        |                 |
| clk (port)                                              |        | 0.002       | 0.000      | 0.000      |             | 0.000  | 0.000r          |
| clk (clock net)                                         | 1      |             |            |            | NA          |        |                 |
| en_ICGX0P5H7L_E:CK (ICGX0P5H7L)                         |        | 0.002       | 0.000      | 0.000      |             | 0.000  | 0.000r          |
| en_ICGX0P5H7L_E:ECK (ICGX0P5H7L)                        |        | 0.011       | 0.000      | 0.000      |             | 0.000  | 0.000r          |
| carry_reg_p_CK (clock net)                              | 9      |             |            |            | NA          |        |                 |
| acc[1]_reg_p:CK (DFFRQX2H7L)                            |        | 0.001       | 0.000      | 0.000      |             | 0.000  | 0.000r          |
| clock clk (rise edge)                                   |        |             |            |            |             | 0      | 0               |
| clock network delay (ideal)                             |        |             |            |            |             | 0.000  | 0.000           |
| acc[1]_reg_p:CK (DFFRQX2H7L)                            |        |             |            |            |             |        | 0.000r          |
| library hold time                                       |        |             |            |            |             | -0.012 | -0.012          |
| clock reconvergence pessimism                           |        |             |            |            |             | -0.000 | -0.012          |
|                                                         |        |             |            |            |             |        |                 |
| path cell delay                                         |        |             |            |            |             |        | 0.165(100.000%) |
| path net delay                                          |        |             |            |            |             |        | 0.000(0.000%)   |
|                                                         |        |             |            |            |             |        |                 |
| data require time                                       |        |             |            |            |             |        | -0.012          |
| data arrival time                                       |        |             |            |            |             |        | 0.165           |
| slack (MET)                                             |        |             |            |            |             |        | 0.177           |
+---------------------------------------------------------+--------+-------------+------------+------------+-------------+--------+-----------------+
+-------------------------------------------------------------------------------------+--------+-------------+------------+------------+-------------+--------+-----------------+
| Point                                                                               | Fanout | Capacitance | Resistance | Transition | Delta Delay | Incr   | Path            |
+-------------------------------------------------------------------------------------+--------+-------------+------------+------------+-------------+--------+-----------------+
| clk (port)                                                                          |        | 0.001       | 0.000      | 0.000      |             | 0.000  | 0.000r          |
| clk (clock net)                                                                     | 1      |             |            |            | NA          |        |                 |
| en_ICGX0P5H7L_E:CK (ICGX0P5H7L)                                                     |        | 0.002       | 0.000      | 0.000      |             | 0.000  | 0.000r          |
| en_ICGX0P5H7L_E:ECK (ICGX0P5H7L)                                                    |        | 0.008       | 0.000      | 0.000      |             | 0.000  | 0.000r          |
| carry_reg_p_CK (clock net)                                                          | 9      |             |            |            | NA          |        |                 |
| acc[2]_reg_p:CK (DFFRQX2H7L)                                                        |        | 0.001       | 0.000      | 0.000      |             | 0.000  | 0.000r          |
| clock clk (rise edge)                                                               |        |             |            |            |             | 0      | 0               |
| clock network delay (ideal)                                                         |        |             |            |            |             | 0.000  | 0.000           |
| acc[2]_reg_p:CK (DFFRQX2H7L)                                                        |        | 0.001       | 0.000      | 0.000      |             | 0.000  | 0.000r          |
| acc[2]_reg_p:Q (DFFRQX2H7L)                                                         |        | 0.002       | 0.000      | 0.038      |             | 0.079  | 0.079f          |
| acc_2_ (net)                                                                        | 5      |             |            |            | 0.000       |        |                 |
| sum_4__XNOR2X1P4H7L_Y_A_AOI31X2H7L_Y_A2_OAI31X2H7L_Y_B0_INVX0P5H7L_Y:A (INVX0P5H7L) |        | 0.001       | 0.000      | 0.038      |             | 0.000  | 0.079f          |
| sum_4__XNOR2X1P4H7L_Y_A_AOI31X2H7L_Y_A2_OAI31X2H7L_Y_B0_INVX0P5H7L_Y:Y (INVX0P5H7L) |        | 0.001       | 0.000      | 0.024      |             | 0.023  | 0.102r          |
| sum_4__XNOR2X1P4H7L_Y_A_AOI31X2H7L_Y_A2_OAI31X2H7L_Y_B0 (net)                       | 1      |             |            |            | 0.000       |        |                 |
| sum_4__XNOR2X1P4H7L_Y_A_AOI31X2H7L_Y_A2_OAI31X2H7L_Y:B0 (OAI31X2H7L)                |        | 0.001       | 0.000      | 0.024      |             | 0.000  | 0.102r          |
| sum_4__XNOR2X1P4H7L_Y_A_AOI31X2H7L_Y_A2_OAI31X2H7L_Y:Y (OAI31X2H7L)                 |        | 0.002       | 0.000      | 0.017      |             | 0.016  | 0.118f          |
| sum_4__XNOR2X1P4H7L_Y_A_AOI31X2H7L_Y_A2 (net)                                       | 2      |             |            |            | 0.000       |        |                 |
| sum_3__XNOR2X1P4H7L_Y_A_NAND2X1P4H7L_Y:B (NAND2X1P4H7L)                             |        | 0.001       | 0.000      | 0.017      |             | 0.000  | 0.118f          |
| sum_3__XNOR2X1P4H7L_Y_A_NAND2X1P4H7L_Y:Y (NAND2X1P4H7L)                             |        | 0.001       | 0.000      | 0.019      |             | 0.018  | 0.136r          |
| sum_3__XNOR2X1P4H7L_Y_A (net)                                                       | 1      |             |            |            | 0.000       |        |                 |
| sum_3__XNOR2X1P4H7L_Y:A (XNOR2X1P4H7L)                                              |        | 0.002       | 0.000      | 0.019      |             | 0.000  | 0.136r          |
| sum_3__XNOR2X1P4H7L_Y:Y (XNOR2X1P4H7L)                                              |        | 0.001       | 0.000      | 0.021      |             | 0.035  | 0.172r          |
| sum_3_ (net)                                                                        | 1      |             |            |            | 0.000       |        |                 |
| acc[3]_reg_p:D (DFFRQX2H7L)                                                         |        | 0.001       | 0.000      | 0.021      |             | 0.000  | 0.172r          |
|                                                                                     |        |             |            |            |             |        |                 |
| clk (port)                                                                          |        | 0.002       | 0.000      | 0.000      |             | 0.000  | 0.000r          |
| clk (clock net)                                                                     | 1      |             |            |            | NA          |        |                 |
| en_ICGX0P5H7L_E:CK (ICGX0P5H7L)                                                     |        | 0.002       | 0.000      | 0.000      |             | 0.000  | 0.000r          |
| en_ICGX0P5H7L_E:ECK (ICGX0P5H7L)                                                    |        | 0.011       | 0.000      | 0.000      |             | 0.000  | 0.000r          |
| carry_reg_p_CK (clock net)                                                          | 9      |             |            |            | NA          |        |                 |
| acc[3]_reg_p:CK (DFFRQX2H7L)                                                        |        | 0.001       | 0.000      | 0.000      |             | 0.000  | 0.000r          |
| clock clk (rise edge)                                                               |        |             |            |            |             | 0      | 0               |
| clock network delay (ideal)                                                         |        |             |            |            |             | 0.000  | 0.000           |
| acc[3]_reg_p:CK (DFFRQX2H7L)                                                        |        |             |            |            |             |        | 0.000r          |
| library hold time                                                                   |        |             |            |            |             | -0.009 | -0.009          |
| clock reconvergence pessimism                                                       |        |             |            |            |             | -0.000 | -0.009          |
|                                                                                     |        |             |            |            |             |        |                 |
| path cell delay                                                                     |        |             |            |            |             |        | 0.172(100.000%) |
| path net delay                                                                      |        |             |            |            |             |        | 0.000(0.000%)   |
|                                                                                     |        |             |            |            |             |        |                 |
| data require time                                                                   |        |             |            |            |             |        | -0.009          |
| data arrival time                                                                   |        |             |            |            |             |        | 0.172           |
| slack (MET)                                                                         |        |             |            |            |             |        | 0.180           |
+-------------------------------------------------------------------------------------+--------+-------------+------------+------------+-------------+--------+-----------------+
+---------------------------------+--------+-------------+------------+------------+-------------+--------+---------------+
| Point                           | Fanout | Capacitance | Resistance | Transition | Delta Delay | Incr   | Path          |
+---------------------------------+--------+-------------+------------+------------+-------------+--------+---------------+
| en (port)                       |        | 0.001       | 0.000      | 0.000      |             | 0.000  | 0.000r        |
| clock clk (rise edge)           |        |             |            |            |             | 0      | 0             |
| clock network delay (ideal)     |        |             |            |            |             | 0.000  | 0.000         |
| en (port)                       |        | 0.001       | 0.000      | 0.000      |             | 2.000  | 2.000r        |
| en (net)                        | 1      |             |            |            | NA          |        |               |
| en_ICGX0P5H7L_E:E (ICGX0P5H7L)  |        | 0.001       | 0.000      | 0.000      |             | 0.000  | 2.000r        |
|                                 |        |             |            |            |             |        |               |
| clk (port)                      |        | 0.002       | 0.000      | 0.000      |             | 0.000  | 0.000r        |
| clk (clock net)                 | 1      |             |            |            | NA          |        |               |
| en_ICGX0P5H7L_E:CK (ICGX0P5H7L) |        | 0.002       | 0.000      | 0.000      |             | 0.000  | 0.000r        |
| clock clk (rise edge)           |        |             |            |            |             | 0      | 0             |
| clock network delay (ideal)     |        |             |            |            |             | 0.000  | 0.000         |
| en_ICGX0P5H7L_E:CK (ICGX0P5H7L) |        |             |            |            |             |        | 0.000r        |
| library hold time               |        |             |            |            |             | 0.000  | 0.000         |
| clock reconvergence pessimism   |        |             |            |            |             | -0.000 | 0.000         |
|                                 |        |             |            |            |             |        |               |
| path cell delay                 |        |             |            |            |             |        | 0.000(0.000%) |
| path net delay                  |        |             |            |            |             |        | 0.000(0.000%) |
|                                 |        |             |            |            |             |        |               |
| data require time               |        |             |            |            |             |        | 0.000         |
| data arrival time               |        |             |            |            |             |        | 2.000         |
| slack (MET)                     |        |             |            |            |             |        | 2.000         |
+---------------------------------+--------+-------------+------------+------------+-------------+--------+---------------+
+---------------------------------+--------+-------------+------------+------------+-------------+--------+---------------+
| Point                           | Fanout | Capacitance | Resistance | Transition | Delta Delay | Incr   | Path          |
+---------------------------------+--------+-------------+------------+------------+-------------+--------+---------------+
| en (port)                       |        | 0.001       | 0.000      | 0.000      |             | 0.000  | 0.000r        |
| clock clk (rise edge)           |        |             |            |            |             | 0      | 0             |
| clock network delay (ideal)     |        |             |            |            |             | 0.000  | 0.000         |
| en (port)                       |        | 0.001       | 0.000      | 0.000      |             | 2.000  | 2.000f        |
| en (net)                        | 1      |             |            |            | NA          |        |               |
| en_ICGX0P5H7L_E:E (ICGX0P5H7L)  |        | 0.001       | 0.000      | 0.000      |             | 0.000  | 2.000f        |
|                                 |        |             |            |            |             |        |               |
| clk (port)                      |        | 0.002       | 0.000      | 0.000      |             | 0.000  | 0.000r        |
| clk (clock net)                 | 1      |             |            |            | NA          |        |               |
| en_ICGX0P5H7L_E:CK (ICGX0P5H7L) |        | 0.002       | 0.000      | 0.000      |             | 0.000  | 0.000r        |
| clock clk (rise edge)           |        |             |            |            |             | 0      | 0             |
| clock network delay (ideal)     |        |             |            |            |             | 0.000  | 0.000         |
| en_ICGX0P5H7L_E:CK (ICGX0P5H7L) |        |             |            |            |             |        | 0.000r        |
| library hold time               |        |             |            |            |             | 0.000  | 0.000         |
| clock reconvergence pessimism   |        |             |            |            |             | -0.000 | 0.000         |
|                                 |        |             |            |            |             |        |               |
| path cell delay                 |        |             |            |            |             |        | 0.000(0.000%) |
| path net delay                  |        |             |            |            |             |        | 0.000(0.000%) |
|                                 |        |             |            |            |             |        |               |
| data require time               |        |             |            |            |             |        | 0.000         |
| data arrival time               |        |             |            |            |             |        | 2.000         |
| slack (MET)                     |        |             |            |            |             |        | 2.000         |
+---------------------------------+--------+-------------+------------+------------+-------------+--------+---------------+
