
 /----------------------------------------------------------------------------\
 |  yosys -- Yosys Open SYnthesis Suite                                       |
 |  Copyright (C) 2012 - 2026  Claire Xenia Wolf <claire@yosyshq.com>         |
 |  Distributed under an ISC-like license, type "license" to see terms        |
 \----------------------------------------------------------------------------/
 Yosys 0.63+179 (git sha1 74fef31bf, clang++ 14.0.0-1ubuntu1.1 -fPIC -O3)

-- Executing script file `-' --
[TCL: yosys -import] Command name collision: found pre-existing command `cd' -> skip.
[TCL: yosys -import] Command name collision: found pre-existing command `eval' -> skip.
[TCL: yosys -import] Command name collision: found pre-existing command `exec' -> skip.
[TCL: yosys -import] Command name collision: found pre-existing command `read' -> skip.
[TCL: yosys -import] Command name collision: found pre-existing command `trace' -> skip.

1. Executing Verilog-2005 frontend: /home/vboxuser/soc-axi-dma-platform/rtl/top.v
Parsing SystemVerilog input from `/home/vboxuser/soc-axi-dma-platform/rtl/top.v' to AST representation.
Generating RTLIL representation for module `\top'.
Successfully finished Verilog frontend.

2. Executing SYNTH pass.

2.1. Executing HIERARCHY pass (managing design hierarchy).

2.1.1. Analyzing design hierarchy..
Top module:  \top

2.1.2. Analyzing design hierarchy..
Top module:  \top
Removed 0 unused modules.

2.2. Executing PROC pass (convert processes to netlists).

2.2.1. Executing PROC_CLEAN pass (remove empty switches from decision trees).
Cleaned up 0 empty switches.

2.2.2. Executing PROC_RMDEAD pass (remove dead branches from decision trees).
Marked 1 switch rules as full_case in process $proc$/home/vboxuser/soc-axi-dma-platform/rtl/top.v:17$2 in module top.
Removed a total of 0 dead cases.

2.2.3. Executing PROC_PRUNE pass (remove redundant assignments in processes).
Removed 0 redundant assignments.
Promoted 0 assignments to connections.

2.2.4. Executing PROC_INIT pass (extract init attributes).

2.2.5. Executing PROC_ARST pass (detect async resets in processes).
Found async reset \rst_n in `\top.$proc$/home/vboxuser/soc-axi-dma-platform/rtl/top.v:17$2'.

2.2.6. Executing PROC_ROM pass (convert switches to ROMs).
rejecting switch: rhs not const
Converted 0 switches.

2.2.7. Executing PROC_MUX pass (convert decision trees to multiplexers).
Creating decoders for process `\top.$proc$/home/vboxuser/soc-axi-dma-platform/rtl/top.v:17$2'.
     1/2: $0\carry_reg[0:0]
     2/2: $0\acc_reg[7:0]

2.2.8. Executing PROC_DLATCH pass (convert process syncs to latches).

2.2.9. Executing PROC_DFF pass (convert process syncs to FFs).
Creating register for signal `\top.\acc_reg' using process `\top.$proc$/home/vboxuser/soc-axi-dma-platform/rtl/top.v:17$2'.
  created $adff cell `$procdff$12' with positive edge clock and positive level reset.
Creating register for signal `\top.\carry_reg' using process `\top.$proc$/home/vboxuser/soc-axi-dma-platform/rtl/top.v:17$2'.
  created $adff cell `$procdff$17' with positive edge clock and positive level reset.

2.2.10. Executing PROC_MEMWR pass (convert process memory writes to cells).

2.2.11. Executing PROC_CLEAN pass (remove empty switches from decision trees).
Found and cleaned up 1 empty switch in `\top.$proc$/home/vboxuser/soc-axi-dma-platform/rtl/top.v:17$2'.
Removing empty process `top.$proc$/home/vboxuser/soc-axi-dma-platform/rtl/top.v:17$2'.
Cleaned up 1 empty switch.

2.2.12. Executing OPT_EXPR pass (perform const folding).
Optimizing module top.
Replacing $reduce_or cell `$auto$proc_dff.cc:225:proc_dff$15' (and_or_buffer) in module `\top' with constant driver `$auto$rtlil.cc:3259:ReduceOr$16 = $auto$rtlil.cc:3255:Not$14'.
Replacing $reduce_or cell `$auto$proc_dff.cc:225:proc_dff$10' (and_or_buffer) in module `\top' with constant driver `$auto$rtlil.cc:3259:ReduceOr$11 = $auto$rtlil.cc:3255:Not$9'.
Inverting ARST of $adff cell `$procdff$12' in module `top': $auto$rtlil.cc:3255:Not$9 -> \rst_n
Inverting ARST of $adff cell `$procdff$17' in module `top': $auto$rtlil.cc:3255:Not$14 -> \rst_n

2.3. Executing FLATTEN pass (flatten design).

2.4. Executing OPT_EXPR pass (perform const folding).
Optimizing module top.

2.5. Executing OPT_CLEAN pass (remove unused cells and wires).
Finding unused cells or wires in module \top..
  removing unused `$not' cell `$auto$proc_dff.cc:220:proc_dff$13'.
  removing unused `$not' cell `$auto$proc_dff.cc:220:proc_dff$8'.
  removing unused `$logic_not' cell `$logic_not$/home/vboxuser/soc-axi-dma-platform/rtl/top.v:18$3'.
  removing unused non-port wire $add$/home/vboxuser/soc-axi-dma-platform/rtl/top.v:11$1_Y.
  removing unused non-port wire $logic_not$/home/vboxuser/soc-axi-dma-platform/rtl/top.v:18$3_Y.
  removing unused non-port wire $procmux$5_CMP.
  removing unused non-port wire $procmux$4_Y.
  removing unused non-port wire $procmux$7_CMP.
  removing unused non-port wire $procmux$6_Y.
  removing unused non-port wire $auto$rtlil.cc:3255:Not$9.
  removing unused non-port wire $auto$rtlil.cc:3259:ReduceOr$11.
  removing unused non-port wire $auto$rtlil.cc:3255:Not$14.
  removing unused non-port wire $auto$rtlil.cc:3259:ReduceOr$16.
Removed 3 unused cells and 10 unused wires.

2.6. Executing CHECK pass (checking for obvious problems).
Checking module top...
Found and reported 0 problems.

2.7. Executing OPT pass (performing simple optimizations).

2.7.1. Executing OPT_EXPR pass (perform const folding).
Optimizing module top.

2.7.2. Executing OPT_MERGE pass (detect identical cells).
Finding identical cells in module `\top'.
Computing hashes of 5 cells of `\top'.
Finding duplicate cells in `\top'.
Removed a total of 0 cells.

2.7.3. Executing OPT_MUXTREE pass (detect dead branches in mux trees).
Running muxtree optimizer on module \top..
  Creating internal representation of mux trees.
  Evaluating internal representation of mux trees.
    Root of a mux tree: $procmux$6 (pure)
		eval $procmux$6 (replace 1 enable 1)
    Root of a mux tree: $procmux$4 (pure)
		eval $procmux$4 (replace 1 enable 1)
  Analyzing evaluation results.
Removed 0 multiplexer ports.

2.7.4. Executing OPT_REDUCE pass (consolidate $*mux and $reduce_* inputs).
  Optimizing cells in module \top.
Performed a total of 0 changes.

2.7.5. Executing OPT_MERGE pass (detect identical cells).
Finding identical cells in module `\top'.
Computing hashes of 5 cells of `\top'.
Finding duplicate cells in `\top'.
Removed a total of 0 cells.

2.7.6. Executing OPT_DFF pass (perform DFF optimizations).

2.7.7. Executing OPT_CLEAN pass (remove unused cells and wires).
Finding unused cells or wires in module \top..

2.7.8. Executing OPT_EXPR pass (perform const folding).
Optimizing module top.

2.7.9. Finished fast OPT passes. (There is nothing left to do.)

2.8. Executing FSM pass (extract and optimize FSM).

2.8.1. Executing FSM_DETECT pass (finding FSMs in design).

2.8.2. Executing FSM_EXTRACT pass (extracting FSM from design).

2.8.3. Executing FSM_OPT pass (simple optimizations of FSMs).

2.8.4. Executing OPT_CLEAN pass (remove unused cells and wires).
Finding unused cells or wires in module \top..

2.8.5. Executing FSM_OPT pass (simple optimizations of FSMs).

2.8.6. Executing FSM_RECODE pass (re-assigning FSM state encoding).

2.8.7. Executing FSM_INFO pass (dumping all available information on FSM cells).

2.8.8. Executing FSM_MAP pass (mapping FSMs to basic logic).

2.9. Executing OPT pass (performing simple optimizations).

2.9.1. Executing OPT_EXPR pass (perform const folding).
Optimizing module top.

2.9.2. Executing OPT_MERGE pass (detect identical cells).
Finding identical cells in module `\top'.
Computing hashes of 5 cells of `\top'.
Finding duplicate cells in `\top'.
Removed a total of 0 cells.

2.9.3. Executing OPT_MUXTREE pass (detect dead branches in mux trees).
Running muxtree optimizer on module \top..
  Creating internal representation of mux trees.
  Evaluating internal representation of mux trees.
    Root of a mux tree: $procmux$6 (pure)
		eval $procmux$6 (replace 1 enable 1)
    Root of a mux tree: $procmux$4 (pure)
		eval $procmux$4 (replace 1 enable 1)
  Analyzing evaluation results.
Removed 0 multiplexer ports.

2.9.4. Executing OPT_REDUCE pass (consolidate $*mux and $reduce_* inputs).
  Optimizing cells in module \top.
Performed a total of 0 changes.

2.9.5. Executing OPT_MERGE pass (detect identical cells).
Finding identical cells in module `\top'.
Computing hashes of 5 cells of `\top'.
Finding duplicate cells in `\top'.
Removed a total of 0 cells.

2.9.6. Executing OPT_DFF pass (perform DFF optimizations).
Adding EN signal on $procdff$17 ($adff) from module top (D = \sum [8], Q = \carry_reg).
Adding EN signal on $procdff$12 ($adff) from module top (D = \sum [7:0], Q = \acc_reg).

2.9.7. Executing OPT_CLEAN pass (remove unused cells and wires).
Finding unused cells or wires in module \top..
  removing unused `$mux' cell `$procmux$4'.
  removing unused `$mux' cell `$procmux$6'.
  removing unused non-port wire $0\carry_reg[0:0].
  removing unused non-port wire $0\acc_reg[7:0].
Removed 2 unused cells and 2 unused wires.

2.9.8. Executing OPT_EXPR pass (perform const folding).
Optimizing module top.

2.9.9. Rerunning OPT passes. (Maybe there is more to do..)

2.9.10. Executing OPT_MUXTREE pass (detect dead branches in mux trees).
Running muxtree optimizer on module \top..
  Creating internal representation of mux trees.
  No muxes found in this module.
Removed 0 multiplexer ports.

2.9.11. Executing OPT_REDUCE pass (consolidate $*mux and $reduce_* inputs).
  Optimizing cells in module \top.
Performed a total of 0 changes.

2.9.12. Executing OPT_MERGE pass (detect identical cells).
Finding identical cells in module `\top'.
Computing hashes of 3 cells of `\top'.
Finding duplicate cells in `\top'.
Removed a total of 0 cells.

2.9.13. Executing OPT_DFF pass (perform DFF optimizations).

2.9.14. Executing OPT_CLEAN pass (remove unused cells and wires).
Finding unused cells or wires in module \top..

2.9.15. Executing OPT_EXPR pass (perform const folding).
Optimizing module top.

2.9.16. Finished fast OPT passes. (There is nothing left to do.)

2.10. Executing WREDUCE pass (reducing word size of cells).
Removed top 1 bits (of 9) from port A of cell top.$add$/home/vboxuser/soc-axi-dma-platform/rtl/top.v:11$1 ($add).
Removed top 1 bits (of 9) from port B of cell top.$add$/home/vboxuser/soc-axi-dma-platform/rtl/top.v:11$1 ($add).

2.11. Executing PEEPOPT pass (run peephole optimizers).

2.12. Executing OPT_CLEAN pass (remove unused cells and wires).
Finding unused cells or wires in module \top..

2.13. Executing ALUMACC pass (create $alu and $macc cells).
Extracting $alu and $macc cells in module top:
  creating $macc model for $add$/home/vboxuser/soc-axi-dma-platform/rtl/top.v:11$1 ($add).
  creating $alu model for $macc $add$/home/vboxuser/soc-axi-dma-platform/rtl/top.v:11$1.
  creating $alu cell for $add$/home/vboxuser/soc-axi-dma-platform/rtl/top.v:11$1: $auto$alumacc.cc:512:replace_alu$20
  created 1 $alu and 0 $macc cells.

2.14. Executing SHARE pass (SAT-based resource sharing).

2.15. Executing OPT pass (performing simple optimizations).

2.15.1. Executing OPT_EXPR pass (perform const folding).
Optimizing module top.

2.15.2. Executing OPT_MERGE pass (detect identical cells).
Finding identical cells in module `\top'.
Computing hashes of 3 cells of `\top'.
Finding duplicate cells in `\top'.
Removed a total of 0 cells.

2.15.3. Executing OPT_MUXTREE pass (detect dead branches in mux trees).
Running muxtree optimizer on module \top..
  Creating internal representation of mux trees.
  No muxes found in this module.
Removed 0 multiplexer ports.

2.15.4. Executing OPT_REDUCE pass (consolidate $*mux and $reduce_* inputs).
  Optimizing cells in module \top.
Performed a total of 0 changes.

2.15.5. Executing OPT_MERGE pass (detect identical cells).
Finding identical cells in module `\top'.
Computing hashes of 3 cells of `\top'.
Finding duplicate cells in `\top'.
Removed a total of 0 cells.

2.15.6. Executing OPT_DFF pass (perform DFF optimizations).

2.15.7. Executing OPT_CLEAN pass (remove unused cells and wires).
Finding unused cells or wires in module \top..

2.15.8. Executing OPT_EXPR pass (perform const folding).
Optimizing module top.

2.15.9. Finished fast OPT passes. (There is nothing left to do.)

2.16. Executing MEMORY pass.

2.16.1. Executing OPT_MEM pass (optimize memories).
Performed a total of 0 transformations.

2.16.2. Executing OPT_MEM_PRIORITY pass (removing unnecessary memory write priority relations).
Performed a total of 0 transformations.

2.16.3. Executing OPT_MEM_FEEDBACK pass (finding memory read-to-write feedback paths).

2.16.4. Executing MEMORY_BMUX2ROM pass (converting muxes to ROMs).

2.16.5. Executing MEMORY_DFF pass (merging $dff cells to $memrd).

2.16.6. Executing OPT_CLEAN pass (remove unused cells and wires).
Finding unused cells or wires in module \top..

2.16.7. Executing MEMORY_SHARE pass (consolidating $memrd/$memwr cells).

2.16.8. Executing OPT_MEM_WIDEN pass (optimize memories where all ports are wide).
Performed a total of 0 transformations.

2.16.9. Executing OPT_CLEAN pass (remove unused cells and wires).
Finding unused cells or wires in module \top..

2.16.10. Executing MEMORY_COLLECT pass (generating $mem cells).

2.17. Executing OPT_CLEAN pass (remove unused cells and wires).
Finding unused cells or wires in module \top..

3. Executing SHARE pass (SAT-based resource sharing).

4. Executing ONEHOT pass.

5. Executing MUXPACK pass ($mux cell cascades to $pmux).
Converted 0 (p)mux cells into 0 pmux cells.

6. Executing OPT_DEMORGAN pass (push inverters through $reduce_* cells).

7. Executing OPT_FFINV pass (push inverters through FFs).
Discovering LUTs.
Pushed 0 inverters.

8. Executing SYNTH pass.

8.1. Executing OPT pass (performing simple optimizations).

8.1.1. Executing OPT_EXPR pass (perform const folding).
Optimizing module top.

8.1.2. Executing OPT_MERGE pass (detect identical cells).
Finding identical cells in module `\top'.
Computing hashes of 3 cells of `\top'.
Finding duplicate cells in `\top'.
Removed a total of 0 cells.

8.1.3. Executing OPT_DFF pass (perform DFF optimizations).

8.1.4. Executing OPT_CLEAN pass (remove unused cells and wires).
Finding unused cells or wires in module \top..

8.1.5. Finished fast OPT passes.

8.2. Executing MEMORY_MAP pass (converting memories to logic and flip-flops).

8.3. Executing OPT pass (performing simple optimizations).

8.3.1. Executing OPT_EXPR pass (perform const folding).
Optimizing module top.

8.3.2. Executing OPT_MERGE pass (detect identical cells).
Finding identical cells in module `\top'.
Computing hashes of 3 cells of `\top'.
Finding duplicate cells in `\top'.
Removed a total of 0 cells.

8.3.3. Executing OPT_MUXTREE pass (detect dead branches in mux trees).
Running muxtree optimizer on module \top..
  Creating internal representation of mux trees.
  No muxes found in this module.
Removed 0 multiplexer ports.

8.3.4. Executing OPT_REDUCE pass (consolidate $*mux and $reduce_* inputs).
  Optimizing cells in module \top.
Performed a total of 0 changes.

8.3.5. Executing OPT_MERGE pass (detect identical cells).
Finding identical cells in module `\top'.
Computing hashes of 3 cells of `\top'.
Finding duplicate cells in `\top'.
Removed a total of 0 cells.

8.3.6. Executing OPT_SHARE pass.

8.3.7. Executing OPT_DFF pass (perform DFF optimizations).

8.3.8. Executing OPT_CLEAN pass (remove unused cells and wires).
Finding unused cells or wires in module \top..

8.3.9. Executing OPT_EXPR pass (perform const folding).
Optimizing module top.

8.3.10. Finished fast OPT passes. (There is nothing left to do.)

8.4. Executing TECHMAP pass (map to technology primitives).

8.4.1. Executing Verilog-2005 frontend: /usr/local/bin/../share/yosys/techmap.v
Parsing Verilog input from `/usr/local/bin/../share/yosys/techmap.v' to AST representation.
Generating RTLIL representation for module `\_90_simplemap_bool_ops'.
Generating RTLIL representation for module `\_90_simplemap_reduce_ops'.
Generating RTLIL representation for module `\_90_simplemap_logic_ops'.
Generating RTLIL representation for module `\_90_simplemap_compare_ops'.
Generating RTLIL representation for module `\_90_simplemap_various'.
Generating RTLIL representation for module `\_90_simplemap_registers'.
Generating RTLIL representation for module `\_90_shift_ops_shr_shl_sshl_sshr'.
Generating RTLIL representation for module `\_90_shift_shiftx'.
Generating RTLIL representation for module `\_90_fa'.
Generating RTLIL representation for module `\_90_lcu_brent_kung'.
Generating RTLIL representation for module `\_90_alu'.
Generating RTLIL representation for module `\_90_macc'.
Generating RTLIL representation for module `\_90_alumacc'.
Generating RTLIL representation for module `$__div_mod_u'.
Generating RTLIL representation for module `$__div_mod_trunc'.
Generating RTLIL representation for module `\_90_div'.
Generating RTLIL representation for module `\_90_mod'.
Generating RTLIL representation for module `$__div_mod_floor'.
Generating RTLIL representation for module `\_90_divfloor'.
Generating RTLIL representation for module `\_90_modfloor'.
Generating RTLIL representation for module `\_90_pow'.
Generating RTLIL representation for module `\_90_pmux'.
Generating RTLIL representation for module `\_90_demux'.
Generating RTLIL representation for module `\_90_lut'.
Generating RTLIL representation for module `$connect'.
Generating RTLIL representation for module `$input_port'.
Successfully finished Verilog frontend.

8.4.2. Continuing TECHMAP pass.
Cell type mappings to use:
    $xnor: _90_simplemap_bool_ops
    $xor: _90_simplemap_bool_ops
    $or: _90_simplemap_bool_ops
    $and: _90_simplemap_bool_ops
    $not: _90_simplemap_bool_ops
    $reduce_bool: _90_simplemap_reduce_ops
    $reduce_xnor: _90_simplemap_reduce_ops
    $reduce_xor: _90_simplemap_reduce_ops
    $reduce_or: _90_simplemap_reduce_ops
    $reduce_and: _90_simplemap_reduce_ops
    $logic_or: _90_simplemap_logic_ops
    $logic_and: _90_simplemap_logic_ops
    $logic_not: _90_simplemap_logic_ops
    $nex: _90_simplemap_compare_ops
    $ne: _90_simplemap_compare_ops
    $eqx: _90_simplemap_compare_ops
    $eq: _90_simplemap_compare_ops
    $bweqx: _90_simplemap_various
    $bwmux: _90_simplemap_various
    $bmux: _90_simplemap_various
    $tribuf: _90_simplemap_various
    $mux: _90_simplemap_various
    $concat: _90_simplemap_various
    $slice: _90_simplemap_various
    $pos: _90_simplemap_various
    $buf: _90_simplemap_various
    $dlatchsr: _90_simplemap_registers
    $adlatch: _90_simplemap_registers
    $dlatch: _90_simplemap_registers
    $dffsre: _90_simplemap_registers
    $dffsr: _90_simplemap_registers
    $sdffce: _90_simplemap_registers
    $sdffe: _90_simplemap_registers
    $sdff: _90_simplemap_registers
    $aldffe: _90_simplemap_registers
    $aldff: _90_simplemap_registers
    $adffe: _90_simplemap_registers
    $adff: _90_simplemap_registers
    $dffe: _90_simplemap_registers
    $dff: _90_simplemap_registers
    $ff: _90_simplemap_registers
    $sr: _90_simplemap_registers
    $sshr: _90_shift_ops_shr_shl_sshl_sshr
    $sshl: _90_shift_ops_shr_shl_sshl_sshr
    $shl: _90_shift_ops_shr_shl_sshl_sshr
    $shr: _90_shift_ops_shr_shl_sshl_sshr
    $shiftx: _90_shift_shiftx
    $shift: _90_shift_shiftx
    $fa: _90_fa
    $lcu: _90_lcu_brent_kung
    $alu: _90_alu
    $macc_v2: _90_macc
    $macc: _90_macc
    $mul: _90_alumacc
    $neg: _90_alumacc
    $sub: _90_alumacc
    $add: _90_alumacc
    $gt: _90_alumacc
    $ge: _90_alumacc
    $le: _90_alumacc
    $lt: _90_alumacc
    $__div_mod_u: $__div_mod_u
    $__div_mod_trunc: $__div_mod_trunc
    $div: _90_div
    $mod: _90_mod
    $__div_mod_floor: $__div_mod_floor
    $divfloor: _90_divfloor
    $modfloor: _90_modfloor
    $pow: _90_pow
    $pmux: _90_pmux
    $demux: _90_demux
    $sop: _90_lut
    $lut: _90_lut
    $connect: $connect
    $input_port: $input_port

Parameter \A_SIGNED = 0
Parameter \B_SIGNED = 0
Parameter \A_WIDTH = 8
Parameter \B_WIDTH = 8
Parameter \Y_WIDTH = 9

8.4.3. Executing AST frontend in derive mode using pre-parsed AST for module `\_90_alu'.
Parameter \A_SIGNED = 0
Parameter \B_SIGNED = 0
Parameter \A_WIDTH = 8
Parameter \B_WIDTH = 8
Parameter \Y_WIDTH = 9
Generating RTLIL representation for module `$paramod$4ccbe221165818e15f326ddee3d1183c7924e12f\_90_alu'.

8.4.4. Continuing TECHMAP pass.
Using template $paramod$4ccbe221165818e15f326ddee3d1183c7924e12f\_90_alu for cells of type $alu.
Mapping top.$auto$alumacc.cc:512:replace_alu$20 ($alu) using $paramod$4ccbe221165818e15f326ddee3d1183c7924e12f\_90_alu.
Using extmapper simplemap for cells of type $adffe.
Mapping top.$auto$ff.cc:337:slice$19 ($adffe) with simplemap.
Mapping top.$auto$ff.cc:337:slice$18 ($adffe) with simplemap.
Using extmapper simplemap for cells of type $xor.
Mapping top.$techmap$auto$alumacc.cc:512:replace_alu$20.$xor$/usr/local/bin/../share/yosys/techmap.v:296$100 ($xor) with simplemap.
Parameter \WIDTH = 9

8.4.5. Executing AST frontend in derive mode using pre-parsed AST for module `\_90_fa'.
Parameter \WIDTH = 9
Generating RTLIL representation for module `$paramod\_90_fa\WIDTH=32'00000000000000000000000000001001'.

8.4.6. Continuing TECHMAP pass.
Using template $paramod\_90_fa\WIDTH=32'00000000000000000000000000001001 for cells of type $fa.
Mapping top.$auto$alumacc.cc:512:replace_alu$20.fa ($fa) using $paramod\_90_fa\WIDTH=32'00000000000000000000000000001001.
Parameter \WIDTH = 9

8.4.7. Executing AST frontend in derive mode using pre-parsed AST for module `\_90_lcu_brent_kung'.
Parameter \WIDTH = 9
Generating RTLIL representation for module `$paramod\_90_lcu_brent_kung\WIDTH=32'00000000000000000000000000001001'.

8.4.8. Executing PROC pass (convert processes to netlists).

8.4.8.1. Executing PROC_CLEAN pass (remove empty switches from decision trees).
Cleaned up 0 empty switches.

8.4.8.2. Executing PROC_RMDEAD pass (remove dead branches from decision trees).
Removed a total of 0 dead cases.

8.4.8.3. Executing PROC_PRUNE pass (remove redundant assignments in processes).
Removed 0 redundant assignments.
Promoted 20 assignments to connections.

8.4.8.4. Executing PROC_INIT pass (extract init attributes).

8.4.8.5. Executing PROC_ARST pass (detect async resets in processes).

8.4.8.6. Executing PROC_ROM pass (convert switches to ROMs).
Converted 0 switches.

8.4.8.7. Executing PROC_MUX pass (convert decision trees to multiplexers).
Creating decoders for process `$paramod\_90_lcu_brent_kung\WIDTH=32'00000000000000000000000000001001.$proc$/usr/local/bin/../share/yosys/techmap.v:226$125'.

8.4.8.8. Executing PROC_DLATCH pass (convert process syncs to latches).
No latch inferred for signal `$paramod\_90_lcu_brent_kung\WIDTH=32'00000000000000000000000000001001.\i' from process `$paramod\_90_lcu_brent_kung\WIDTH=32'00000000000000000000000000001001.$proc$/usr/local/bin/../share/yosys/techmap.v:226$125'.
No latch inferred for signal `$paramod\_90_lcu_brent_kung\WIDTH=32'00000000000000000000000000001001.\j' from process `$paramod\_90_lcu_brent_kung\WIDTH=32'00000000000000000000000000001001.$proc$/usr/local/bin/../share/yosys/techmap.v:226$125'.
No latch inferred for signal `$paramod\_90_lcu_brent_kung\WIDTH=32'00000000000000000000000000001001.\p' from process `$paramod\_90_lcu_brent_kung\WIDTH=32'00000000000000000000000000001001.$proc$/usr/local/bin/../share/yosys/techmap.v:226$125'.
No latch inferred for signal `$paramod\_90_lcu_brent_kung\WIDTH=32'00000000000000000000000000001001.\g' from process `$paramod\_90_lcu_brent_kung\WIDTH=32'00000000000000000000000000001001.$proc$/usr/local/bin/../share/yosys/techmap.v:226$125'.

8.4.8.9. Executing PROC_DFF pass (convert process syncs to FFs).

8.4.8.10. Executing PROC_MEMWR pass (convert process memory writes to cells).

8.4.8.11. Executing PROC_CLEAN pass (remove empty switches from decision trees).
Removing empty process `$paramod\_90_lcu_brent_kung\WIDTH=32'00000000000000000000000000001001.$proc$/usr/local/bin/../share/yosys/techmap.v:226$125'.
Cleaned up 0 empty switches.

8.4.8.12. Executing OPT_EXPR pass (perform const folding).
Optimizing module $paramod\_90_lcu_brent_kung\WIDTH=32'00000000000000000000000000001001.

8.4.9. Executing OPT pass (performing simple optimizations).

8.4.9.1. Executing OPT_EXPR pass (perform const folding).
Optimizing module $paramod\_90_lcu_brent_kung\WIDTH=32'00000000000000000000000000001001.

8.4.9.2. Executing OPT_MERGE pass (detect identical cells).
Finding identical cells in module `$paramod\_90_lcu_brent_kung\WIDTH=32'00000000000000000000000000001001'.
Computing hashes of 38 cells of `$paramod\_90_lcu_brent_kung\WIDTH=32'00000000000000000000000000001001'.
Finding duplicate cells in `$paramod\_90_lcu_brent_kung\WIDTH=32'00000000000000000000000000001001'.
Removed a total of 0 cells.

8.4.9.3. Executing OPT_DFF pass (perform DFF optimizations).

8.4.9.4. Executing OPT_CLEAN pass (remove unused cells and wires).
Finding unused cells or wires in module $paramod\_90_lcu_brent_kung\WIDTH=32'00000000000000000000000000001001..
  removing unused `$and' cell `$and$/usr/local/bin/../share/yosys/techmap.v:241$130'.
  removing unused `$and' cell `$and$/usr/local/bin/../share/yosys/techmap.v:241$142'.
  removing unused `$and' cell `$and$/usr/local/bin/../share/yosys/techmap.v:241$148'.
  removing unused `$and' cell `$and$/usr/local/bin/../share/yosys/techmap.v:249$151'.
  removing unused `$and' cell `$and$/usr/local/bin/../share/yosys/techmap.v:249$154'.
  removing unused `$and' cell `$and$/usr/local/bin/../share/yosys/techmap.v:249$157'.
  removing unused `$and' cell `$and$/usr/local/bin/../share/yosys/techmap.v:249$160'.
  removing unused `$and' cell `$and$/usr/local/bin/../share/yosys/techmap.v:249$163'.
  removing unused non-port wire $0\i[31:0].
  removing unused non-port wire $0\j[31:0].
  removing unused non-port wire $0\p[8:0].
  removing unused non-port wire $0\g[8:0].
  removing unused non-port wire $or$/usr/local/bin/../share/yosys/techmap.v:231$127_Y.
  removing unused non-port wire $or$/usr/local/bin/../share/yosys/techmap.v:240$129_Y.
  removing unused non-port wire $and$/usr/local/bin/../share/yosys/techmap.v:241$130_Y.
  removing unused non-port wire $or$/usr/local/bin/../share/yosys/techmap.v:240$141_Y.
  removing unused non-port wire $and$/usr/local/bin/../share/yosys/techmap.v:241$142_Y.
  removing unused non-port wire $or$/usr/local/bin/../share/yosys/techmap.v:240$147_Y.
  removing unused non-port wire $and$/usr/local/bin/../share/yosys/techmap.v:241$148_Y.
  removing unused non-port wire $or$/usr/local/bin/../share/yosys/techmap.v:248$150_Y.
  removing unused non-port wire $and$/usr/local/bin/../share/yosys/techmap.v:249$151_Y.
  removing unused non-port wire $or$/usr/local/bin/../share/yosys/techmap.v:248$153_Y.
  removing unused non-port wire $and$/usr/local/bin/../share/yosys/techmap.v:249$154_Y.
  removing unused non-port wire $or$/usr/local/bin/../share/yosys/techmap.v:248$156_Y.
  removing unused non-port wire $and$/usr/local/bin/../share/yosys/techmap.v:249$157_Y.
  removing unused non-port wire $or$/usr/local/bin/../share/yosys/techmap.v:248$159_Y.
  removing unused non-port wire $and$/usr/local/bin/../share/yosys/techmap.v:249$160_Y.
  removing unused non-port wire $or$/usr/local/bin/../share/yosys/techmap.v:248$162_Y.
  removing unused non-port wire $and$/usr/local/bin/../share/yosys/techmap.v:249$163_Y.
Removed 8 unused cells and 21 unused wires.

8.4.9.5. Finished fast OPT passes.

8.4.10. Continuing TECHMAP pass.
Using template $paramod\_90_lcu_brent_kung\WIDTH=32'00000000000000000000000000001001 for cells of type $lcu.
Mapping top.$auto$alumacc.cc:512:replace_alu$20.lcu ($lcu) using $paramod\_90_lcu_brent_kung\WIDTH=32'00000000000000000000000000001001.
Using extmapper simplemap for cells of type $pos.
Mapping top.$auto$alumacc.cc:512:replace_alu$20.B_conv ($pos) with simplemap.
Mapping top.$auto$alumacc.cc:512:replace_alu$20.A_conv ($pos) with simplemap.
Using extmapper simplemap for cells of type $mux.
Mapping top.$techmap$auto$alumacc.cc:512:replace_alu$20.$ternary$/usr/local/bin/../share/yosys/techmap.v:279$99 ($mux) with simplemap.
Using extmapper simplemap for cells of type $not.
Mapping top.$techmap$auto$alumacc.cc:512:replace_alu$20.$not$/usr/local/bin/../share/yosys/techmap.v:279$98 ($not) with simplemap.
Using extmapper simplemap for cells of type $or.
Mapping top.$techmap$auto$alumacc.cc:512:replace_alu$20.fa.$or$/usr/local/bin/../share/yosys/techmap.v:206$124 ($or) with simplemap.
Mapping top.$techmap$auto$alumacc.cc:512:replace_alu$20.fa.$xor$/usr/local/bin/../share/yosys/techmap.v:206$123 ($xor) with simplemap.
Using extmapper simplemap for cells of type $and.
Mapping top.$techmap$auto$alumacc.cc:512:replace_alu$20.fa.$and$/usr/local/bin/../share/yosys/techmap.v:205$122 ($and) with simplemap.
Mapping top.$techmap$auto$alumacc.cc:512:replace_alu$20.fa.$and$/usr/local/bin/../share/yosys/techmap.v:205$121 ($and) with simplemap.
Mapping top.$techmap$auto$alumacc.cc:512:replace_alu$20.fa.$xor$/usr/local/bin/../share/yosys/techmap.v:205$120 ($xor) with simplemap.
Mapping top.$techmap$auto$alumacc.cc:512:replace_alu$20.lcu.$and$/usr/local/bin/../share/yosys/techmap.v:248$155 ($and) with simplemap.
Mapping top.$techmap$auto$alumacc.cc:512:replace_alu$20.lcu.$or$/usr/local/bin/../share/yosys/techmap.v:248$159 ($or) with simplemap.
Mapping top.$techmap$auto$alumacc.cc:512:replace_alu$20.lcu.$or$/usr/local/bin/../share/yosys/techmap.v:248$153 ($or) with simplemap.
Mapping top.$techmap$auto$alumacc.cc:512:replace_alu$20.lcu.$and$/usr/local/bin/../share/yosys/techmap.v:248$152 ($and) with simplemap.
Mapping top.$techmap$auto$alumacc.cc:512:replace_alu$20.lcu.$and$/usr/local/bin/../share/yosys/techmap.v:248$158 ($and) with simplemap.
Mapping top.$techmap$auto$alumacc.cc:512:replace_alu$20.lcu.$or$/usr/local/bin/../share/yosys/techmap.v:248$150 ($or) with simplemap.
Mapping top.$techmap$auto$alumacc.cc:512:replace_alu$20.lcu.$and$/usr/local/bin/../share/yosys/techmap.v:248$149 ($and) with simplemap.
Mapping top.$techmap$auto$alumacc.cc:512:replace_alu$20.lcu.$and$/usr/local/bin/../share/yosys/techmap.v:248$161 ($and) with simplemap.
Mapping top.$techmap$auto$alumacc.cc:512:replace_alu$20.lcu.$or$/usr/local/bin/../share/yosys/techmap.v:240$147 ($or) with simplemap.
Mapping top.$techmap$auto$alumacc.cc:512:replace_alu$20.lcu.$and$/usr/local/bin/../share/yosys/techmap.v:240$146 ($and) with simplemap.
Mapping top.$techmap$auto$alumacc.cc:512:replace_alu$20.lcu.$and$/usr/local/bin/../share/yosys/techmap.v:241$145 ($and) with simplemap.
Mapping top.$techmap$auto$alumacc.cc:512:replace_alu$20.lcu.$or$/usr/local/bin/../share/yosys/techmap.v:240$144 ($or) with simplemap.
Mapping top.$techmap$auto$alumacc.cc:512:replace_alu$20.lcu.$and$/usr/local/bin/../share/yosys/techmap.v:240$143 ($and) with simplemap.
Mapping top.$techmap$auto$alumacc.cc:512:replace_alu$20.lcu.$or$/usr/local/bin/../share/yosys/techmap.v:248$162 ($or) with simplemap.
Mapping top.$techmap$auto$alumacc.cc:512:replace_alu$20.lcu.$or$/usr/local/bin/../share/yosys/techmap.v:240$141 ($or) with simplemap.
Mapping top.$techmap$auto$alumacc.cc:512:replace_alu$20.lcu.$and$/usr/local/bin/../share/yosys/techmap.v:240$140 ($and) with simplemap.
Mapping top.$techmap$auto$alumacc.cc:512:replace_alu$20.lcu.$and$/usr/local/bin/../share/yosys/techmap.v:241$139 ($and) with simplemap.
Mapping top.$techmap$auto$alumacc.cc:512:replace_alu$20.lcu.$or$/usr/local/bin/../share/yosys/techmap.v:240$138 ($or) with simplemap.
Mapping top.$techmap$auto$alumacc.cc:512:replace_alu$20.lcu.$and$/usr/local/bin/../share/yosys/techmap.v:240$137 ($and) with simplemap.
Mapping top.$techmap$auto$alumacc.cc:512:replace_alu$20.lcu.$and$/usr/local/bin/../share/yosys/techmap.v:241$136 ($and) with simplemap.
Mapping top.$techmap$auto$alumacc.cc:512:replace_alu$20.lcu.$or$/usr/local/bin/../share/yosys/techmap.v:240$135 ($or) with simplemap.
Mapping top.$techmap$auto$alumacc.cc:512:replace_alu$20.lcu.$and$/usr/local/bin/../share/yosys/techmap.v:240$134 ($and) with simplemap.
Mapping top.$techmap$auto$alumacc.cc:512:replace_alu$20.lcu.$and$/usr/local/bin/../share/yosys/techmap.v:241$133 ($and) with simplemap.
Mapping top.$techmap$auto$alumacc.cc:512:replace_alu$20.lcu.$or$/usr/local/bin/../share/yosys/techmap.v:240$132 ($or) with simplemap.
Mapping top.$techmap$auto$alumacc.cc:512:replace_alu$20.lcu.$and$/usr/local/bin/../share/yosys/techmap.v:240$131 ($and) with simplemap.
Mapping top.$techmap$auto$alumacc.cc:512:replace_alu$20.lcu.$or$/usr/local/bin/../share/yosys/techmap.v:248$156 ($or) with simplemap.
Mapping top.$techmap$auto$alumacc.cc:512:replace_alu$20.lcu.$or$/usr/local/bin/../share/yosys/techmap.v:240$129 ($or) with simplemap.
Mapping top.$techmap$auto$alumacc.cc:512:replace_alu$20.lcu.$and$/usr/local/bin/../share/yosys/techmap.v:240$128 ($and) with simplemap.
Mapping top.$techmap$auto$alumacc.cc:512:replace_alu$20.lcu.$or$/usr/local/bin/../share/yosys/techmap.v:231$127 ($or) with simplemap.
Mapping top.$techmap$auto$alumacc.cc:512:replace_alu$20.lcu.$and$/usr/local/bin/../share/yosys/techmap.v:231$126 ($and) with simplemap.
No more expansions possible.

8.5. Executing OPT pass (performing simple optimizations).

8.5.1. Executing OPT_EXPR pass (perform const folding).
Optimizing module top.
Replacing $_MUX_ cell `$auto$simplemap.cc:298:simplemap_mux$164' (??0) in module `\top' with constant driver `$techmap$auto$alumacc.cc:512:replace_alu$20.$ternary$/usr/local/bin/../share/yosys/techmap.v:279$99_Y [0] = \acc_reg [0]'.
Replacing $_XOR_ cell `$auto$simplemap.cc:106:simplemap_bitop$191' (xor_buffer) in module `\top' with constant driver `$techmap$auto$alumacc.cc:512:replace_alu$20.fa.$xor$/usr/local/bin/../share/yosys/techmap.v:206$123_Y [0] = $techmap$auto$alumacc.cc:512:replace_alu$20.fa.$xor$/usr/local/bin/../share/yosys/techmap.v:205$120_Y [0]'.
Replacing $_AND_ cell `$auto$simplemap.cc:106:simplemap_bitop$256' (const_and) in module `\top' with constant driver `$techmap$auto$alumacc.cc:512:replace_alu$20.lcu.$and$/usr/local/bin/../share/yosys/techmap.v:231$126_Y = 1'0'.
Replacing $_AND_ cell `$auto$simplemap.cc:106:simplemap_bitop$200' (const_and) in module `\top' with constant driver `$techmap$auto$alumacc.cc:512:replace_alu$20.fa.$and$/usr/local/bin/../share/yosys/techmap.v:205$122_Y [0] = 1'0'.
Replacing $_OR_ cell `$auto$simplemap.cc:106:simplemap_bitop$182' (and_or_buffer) in module `\top' with constant driver `$techmap$auto$alumacc.cc:512:replace_alu$20.fa.$or$/usr/local/bin/../share/yosys/techmap.v:206$124_Y [0] = $techmap$auto$alumacc.cc:512:replace_alu$20.fa.$and$/usr/local/bin/../share/yosys/techmap.v:205$121_Y [0]'.
Replacing $_OR_ cell `$auto$simplemap.cc:106:simplemap_bitop$255' (and_or_buffer) in module `\top' with constant driver `$auto$alumacc.cc:529:replace_alu$22 [0] = $techmap$auto$alumacc.cc:512:replace_alu$20.fa.$and$/usr/local/bin/../share/yosys/techmap.v:205$121_Y [0]'.
Replacing $_MUX_ cell `$auto$simplemap.cc:298:simplemap_mux$165' (??0) in module `\top' with constant driver `$techmap$auto$alumacc.cc:512:replace_alu$20.$ternary$/usr/local/bin/../share/yosys/techmap.v:279$99_Y [1] = \acc_reg [1]'.
Replacing $_XOR_ cell `$auto$simplemap.cc:106:simplemap_bitop$192' (xor_buffer) in module `\top' with constant driver `$techmap$auto$alumacc.cc:512:replace_alu$20.fa.$xor$/usr/local/bin/../share/yosys/techmap.v:206$123_Y [1] = $techmap$auto$alumacc.cc:512:replace_alu$20.fa.$xor$/usr/local/bin/../share/yosys/techmap.v:205$120_Y [1]'.
Replacing $_AND_ cell `$auto$simplemap.cc:106:simplemap_bitop$201' (const_and) in module `\top' with constant driver `$techmap$auto$alumacc.cc:512:replace_alu$20.fa.$and$/usr/local/bin/../share/yosys/techmap.v:205$122_Y [1] = 1'0'.
Replacing $_OR_ cell `$auto$simplemap.cc:106:simplemap_bitop$183' (and_or_buffer) in module `\top' with constant driver `$techmap$auto$alumacc.cc:512:replace_alu$20.fa.$or$/usr/local/bin/../share/yosys/techmap.v:206$124_Y [1] = $techmap$auto$alumacc.cc:512:replace_alu$20.fa.$and$/usr/local/bin/../share/yosys/techmap.v:205$121_Y [1]'.
Replacing $_MUX_ cell `$auto$simplemap.cc:298:simplemap_mux$167' (??0) in module `\top' with constant driver `$techmap$auto$alumacc.cc:512:replace_alu$20.$ternary$/usr/local/bin/../share/yosys/techmap.v:279$99_Y [3] = \acc_reg [3]'.
Replacing $_XOR_ cell `$auto$simplemap.cc:106:simplemap_bitop$194' (xor_buffer) in module `\top' with constant driver `$techmap$auto$alumacc.cc:512:replace_alu$20.fa.$xor$/usr/local/bin/../share/yosys/techmap.v:206$123_Y [3] = $techmap$auto$alumacc.cc:512:replace_alu$20.fa.$xor$/usr/local/bin/../share/yosys/techmap.v:205$120_Y [3]'.
Replacing $_MUX_ cell `$auto$simplemap.cc:298:simplemap_mux$166' (??0) in module `\top' with constant driver `$techmap$auto$alumacc.cc:512:replace_alu$20.$ternary$/usr/local/bin/../share/yosys/techmap.v:279$99_Y [2] = \acc_reg [2]'.
Replacing $_AND_ cell `$auto$simplemap.cc:106:simplemap_bitop$202' (const_and) in module `\top' with constant driver `$techmap$auto$alumacc.cc:512:replace_alu$20.fa.$and$/usr/local/bin/../share/yosys/techmap.v:205$122_Y [2] = 1'0'.
Replacing $_OR_ cell `$auto$simplemap.cc:106:simplemap_bitop$184' (and_or_buffer) in module `\top' with constant driver `$techmap$auto$alumacc.cc:512:replace_alu$20.fa.$or$/usr/local/bin/../share/yosys/techmap.v:206$124_Y [2] = $techmap$auto$alumacc.cc:512:replace_alu$20.fa.$and$/usr/local/bin/../share/yosys/techmap.v:205$121_Y [2]'.
Replacing $_AND_ cell `$auto$simplemap.cc:106:simplemap_bitop$203' (const_and) in module `\top' with constant driver `$techmap$auto$alumacc.cc:512:replace_alu$20.fa.$and$/usr/local/bin/../share/yosys/techmap.v:205$122_Y [3] = 1'0'.
Replacing $_OR_ cell `$auto$simplemap.cc:106:simplemap_bitop$185' (and_or_buffer) in module `\top' with constant driver `$techmap$auto$alumacc.cc:512:replace_alu$20.fa.$or$/usr/local/bin/../share/yosys/techmap.v:206$124_Y [3] = $techmap$auto$alumacc.cc:512:replace_alu$20.fa.$and$/usr/local/bin/../share/yosys/techmap.v:205$121_Y [3]'.
Replacing $_XOR_ cell `$auto$simplemap.cc:106:simplemap_bitop$193' (xor_buffer) in module `\top' with constant driver `$techmap$auto$alumacc.cc:512:replace_alu$20.fa.$xor$/usr/local/bin/../share/yosys/techmap.v:206$123_Y [2] = $techmap$auto$alumacc.cc:512:replace_alu$20.fa.$xor$/usr/local/bin/../share/yosys/techmap.v:205$120_Y [2]'.
Replacing $_MUX_ cell `$auto$simplemap.cc:298:simplemap_mux$168' (??0) in module `\top' with constant driver `$techmap$auto$alumacc.cc:512:replace_alu$20.$ternary$/usr/local/bin/../share/yosys/techmap.v:279$99_Y [4] = \acc_reg [4]'.
Replacing $_XOR_ cell `$auto$simplemap.cc:106:simplemap_bitop$195' (xor_buffer) in module `\top' with constant driver `$techmap$auto$alumacc.cc:512:replace_alu$20.fa.$xor$/usr/local/bin/../share/yosys/techmap.v:206$123_Y [4] = $techmap$auto$alumacc.cc:512:replace_alu$20.fa.$xor$/usr/local/bin/../share/yosys/techmap.v:205$120_Y [4]'.
Replacing $_AND_ cell `$auto$simplemap.cc:106:simplemap_bitop$204' (const_and) in module `\top' with constant driver `$techmap$auto$alumacc.cc:512:replace_alu$20.fa.$and$/usr/local/bin/../share/yosys/techmap.v:205$122_Y [4] = 1'0'.
Replacing $_OR_ cell `$auto$simplemap.cc:106:simplemap_bitop$186' (and_or_buffer) in module `\top' with constant driver `$techmap$auto$alumacc.cc:512:replace_alu$20.fa.$or$/usr/local/bin/../share/yosys/techmap.v:206$124_Y [4] = $techmap$auto$alumacc.cc:512:replace_alu$20.fa.$and$/usr/local/bin/../share/yosys/techmap.v:205$121_Y [4]'.
Replacing $_MUX_ cell `$auto$simplemap.cc:298:simplemap_mux$169' (??0) in module `\top' with constant driver `$techmap$auto$alumacc.cc:512:replace_alu$20.$ternary$/usr/local/bin/../share/yosys/techmap.v:279$99_Y [5] = \acc_reg [5]'.
Replacing $_XOR_ cell `$auto$simplemap.cc:106:simplemap_bitop$196' (xor_buffer) in module `\top' with constant driver `$techmap$auto$alumacc.cc:512:replace_alu$20.fa.$xor$/usr/local/bin/../share/yosys/techmap.v:206$123_Y [5] = $techmap$auto$alumacc.cc:512:replace_alu$20.fa.$xor$/usr/local/bin/../share/yosys/techmap.v:205$120_Y [5]'.
Replacing $_AND_ cell `$auto$simplemap.cc:106:simplemap_bitop$205' (const_and) in module `\top' with constant driver `$techmap$auto$alumacc.cc:512:replace_alu$20.fa.$and$/usr/local/bin/../share/yosys/techmap.v:205$122_Y [5] = 1'0'.
Replacing $_OR_ cell `$auto$simplemap.cc:106:simplemap_bitop$187' (and_or_buffer) in module `\top' with constant driver `$techmap$auto$alumacc.cc:512:replace_alu$20.fa.$or$/usr/local/bin/../share/yosys/techmap.v:206$124_Y [5] = $techmap$auto$alumacc.cc:512:replace_alu$20.fa.$and$/usr/local/bin/../share/yosys/techmap.v:205$121_Y [5]'.
Replacing $_MUX_ cell `$auto$simplemap.cc:298:simplemap_mux$171' (??0) in module `\top' with constant driver `$techmap$auto$alumacc.cc:512:replace_alu$20.$ternary$/usr/local/bin/../share/yosys/techmap.v:279$99_Y [7] = \acc_reg [7]'.
Replacing $_XOR_ cell `$auto$simplemap.cc:106:simplemap_bitop$198' (xor_buffer) in module `\top' with constant driver `$techmap$auto$alumacc.cc:512:replace_alu$20.fa.$xor$/usr/local/bin/../share/yosys/techmap.v:206$123_Y [7] = $techmap$auto$alumacc.cc:512:replace_alu$20.fa.$xor$/usr/local/bin/../share/yosys/techmap.v:205$120_Y [7]'.
Replacing $_MUX_ cell `$auto$simplemap.cc:298:simplemap_mux$170' (??0) in module `\top' with constant driver `$techmap$auto$alumacc.cc:512:replace_alu$20.$ternary$/usr/local/bin/../share/yosys/techmap.v:279$99_Y [6] = \acc_reg [6]'.
Replacing $_AND_ cell `$auto$simplemap.cc:106:simplemap_bitop$206' (const_and) in module `\top' with constant driver `$techmap$auto$alumacc.cc:512:replace_alu$20.fa.$and$/usr/local/bin/../share/yosys/techmap.v:205$122_Y [6] = 1'0'.
Replacing $_OR_ cell `$auto$simplemap.cc:106:simplemap_bitop$188' (and_or_buffer) in module `\top' with constant driver `$techmap$auto$alumacc.cc:512:replace_alu$20.fa.$or$/usr/local/bin/../share/yosys/techmap.v:206$124_Y [6] = $techmap$auto$alumacc.cc:512:replace_alu$20.fa.$and$/usr/local/bin/../share/yosys/techmap.v:205$121_Y [6]'.
Replacing $_AND_ cell `$auto$simplemap.cc:106:simplemap_bitop$207' (const_and) in module `\top' with constant driver `$techmap$auto$alumacc.cc:512:replace_alu$20.fa.$and$/usr/local/bin/../share/yosys/techmap.v:205$122_Y [7] = 1'0'.
Replacing $_OR_ cell `$auto$simplemap.cc:106:simplemap_bitop$189' (and_or_buffer) in module `\top' with constant driver `$techmap$auto$alumacc.cc:512:replace_alu$20.fa.$or$/usr/local/bin/../share/yosys/techmap.v:206$124_Y [7] = $techmap$auto$alumacc.cc:512:replace_alu$20.fa.$and$/usr/local/bin/../share/yosys/techmap.v:205$121_Y [7]'.
Replacing $_XOR_ cell `$auto$simplemap.cc:106:simplemap_bitop$197' (xor_buffer) in module `\top' with constant driver `$techmap$auto$alumacc.cc:512:replace_alu$20.fa.$xor$/usr/local/bin/../share/yosys/techmap.v:206$123_Y [6] = $techmap$auto$alumacc.cc:512:replace_alu$20.fa.$xor$/usr/local/bin/../share/yosys/techmap.v:205$120_Y [6]'.
Replacing $_NOT_ cell `$auto$simplemap.cc:46:simplemap_not$181' (0) in module `\top' with constant driver `$techmap$auto$alumacc.cc:512:replace_alu$20.$not$/usr/local/bin/../share/yosys/techmap.v:279$98_Y [8] = 1'1'.
Replacing $_MUX_ cell `$auto$simplemap.cc:298:simplemap_mux$172' (010) in module `\top' with constant driver `$techmap$auto$alumacc.cc:512:replace_alu$20.$ternary$/usr/local/bin/../share/yosys/techmap.v:279$99_Y [8] = 1'0'.
Replacing $_XOR_ cell `$auto$simplemap.cc:106:simplemap_bitop$226' (const_xor) in module `\top' with constant driver `$techmap$auto$alumacc.cc:512:replace_alu$20.fa.$xor$/usr/local/bin/../share/yosys/techmap.v:205$120_Y [8] = 1'0'.
Replacing $_XOR_ cell `$auto$simplemap.cc:106:simplemap_bitop$199' (const_xor) in module `\top' with constant driver `$techmap$auto$alumacc.cc:512:replace_alu$20.fa.$xor$/usr/local/bin/../share/yosys/techmap.v:206$123_Y [8] = 1'0'.
Replacing $_AND_ cell `$auto$simplemap.cc:106:simplemap_bitop$234' (const_and) in module `\top' with constant driver `$techmap$auto$alumacc.cc:512:replace_alu$20.lcu.$and$/usr/local/bin/../share/yosys/techmap.v:248$161_Y = 1'0'.
Replacing $_AND_ cell `$auto$simplemap.cc:106:simplemap_bitop$217' (const_and) in module `\top' with constant driver `$techmap$auto$alumacc.cc:512:replace_alu$20.fa.$and$/usr/local/bin/../share/yosys/techmap.v:205$121_Y [8] = 1'0'.
Replacing $_AND_ cell `$auto$simplemap.cc:106:simplemap_bitop$208' (const_and) in module `\top' with constant driver `$techmap$auto$alumacc.cc:512:replace_alu$20.fa.$and$/usr/local/bin/../share/yosys/techmap.v:205$122_Y [8] = 1'0'.
Replacing $_OR_ cell `$auto$simplemap.cc:106:simplemap_bitop$190' (00) in module `\top' with constant driver `$techmap$auto$alumacc.cc:512:replace_alu$20.fa.$or$/usr/local/bin/../share/yosys/techmap.v:206$124_Y [8] = 1'0'.
Replacing $_OR_ cell `$auto$simplemap.cc:106:simplemap_bitop$240' (00) in module `\top' with constant driver `$auto$alumacc.cc:529:replace_alu$22 [8] = 1'0'.
Replacing $_XOR_ cell `$auto$simplemap.cc:106:simplemap_bitop$119' (const_xor) in module `\top' with constant driver `$techmap$auto$alumacc.cc:512:replace_alu$20.$xor$/usr/local/bin/../share/yosys/techmap.v:296$100_Y [9] = 1'0'.
Replacing $_XOR_ cell `$auto$simplemap.cc:106:simplemap_bitop$118' (xor_buffer) in module `\top' with constant driver `$techmap$auto$alumacc.cc:512:replace_alu$20.$xor$/usr/local/bin/../share/yosys/techmap.v:296$100_Y [8] = $auto$alumacc.cc:529:replace_alu$22 [7]'.
Replacing $_XOR_ cell `$auto$simplemap.cc:106:simplemap_bitop$110' (xor_buffer) in module `\top' with constant driver `$techmap$auto$alumacc.cc:512:replace_alu$20.$xor$/usr/local/bin/../share/yosys/techmap.v:296$100_Y [0] = $techmap$auto$alumacc.cc:512:replace_alu$20.fa.$xor$/usr/local/bin/../share/yosys/techmap.v:205$120_Y [0]'.

8.5.2. Executing OPT_MERGE pass (detect identical cells).
Finding identical cells in module `\top'.
Computing hashes of 66 cells of `\top'.
Finding duplicate cells in `\top'.
Removed a total of 0 cells.

8.5.3. Executing OPT_DFF pass (perform DFF optimizations).

8.5.4. Executing OPT_CLEAN pass (remove unused cells and wires).
Finding unused cells or wires in module \top..
  removing unused `$_NOT_' cell `$auto$simplemap.cc:46:simplemap_not$180'.
  removing unused `$_NOT_' cell `$auto$simplemap.cc:46:simplemap_not$179'.
  removing unused `$_NOT_' cell `$auto$simplemap.cc:46:simplemap_not$178'.
  removing unused `$_NOT_' cell `$auto$simplemap.cc:46:simplemap_not$177'.
  removing unused `$_NOT_' cell `$auto$simplemap.cc:46:simplemap_not$176'.
  removing unused `$_NOT_' cell `$auto$simplemap.cc:46:simplemap_not$175'.
  removing unused `$_NOT_' cell `$auto$simplemap.cc:46:simplemap_not$174'.
  removing unused `$_NOT_' cell `$auto$simplemap.cc:46:simplemap_not$173'.
  removing unused non-port wire $auto$alumacc.cc:528:replace_alu$21.
  removing unused non-port wire $auto$alumacc.cc:529:replace_alu$22.
  removing unused non-port wire $techmap$auto$alumacc.cc:512:replace_alu$20.$xor$/usr/local/bin/../share/yosys/techmap.v:296$100_Y.
  removing unused non-port wire $techmap$auto$alumacc.cc:512:replace_alu$20.$ternary$/usr/local/bin/../share/yosys/techmap.v:279$99_Y.
  removing unused non-port wire $techmap$auto$alumacc.cc:512:replace_alu$20.$not$/usr/local/bin/../share/yosys/techmap.v:279$98_Y.
  removing unused non-port wire $auto$alumacc.cc:512:replace_alu$20.Cnull.
  removing unused non-port wire $auto$alumacc.cc:512:replace_alu$20.G.
  removing unused non-port wire $auto$alumacc.cc:512:replace_alu$20.B_buf.
  removing unused non-port wire $auto$alumacc.cc:512:replace_alu$20.A_buf.
  removing unused non-port wire $auto$alumacc.cc:512:replace_alu$20.BB.
  removing unused non-port wire $auto$alumacc.cc:512:replace_alu$20.AA.
  removing unused non-port wire $auto$alumacc.cc:512:replace_alu$20.BI.
  removing unused non-port wire $auto$alumacc.cc:512:replace_alu$20.CI.
  removing unused non-port wire $auto$alumacc.cc:512:replace_alu$20.Y.
  removing unused non-port wire $auto$alumacc.cc:512:replace_alu$20.X.
  removing unused non-port wire $auto$alumacc.cc:512:replace_alu$20.B.
  removing unused non-port wire $auto$alumacc.cc:512:replace_alu$20.A.
  removing unused non-port wire $techmap$auto$alumacc.cc:512:replace_alu$20.fa.$or$/usr/local/bin/../share/yosys/techmap.v:206$124_Y.
  removing unused non-port wire $techmap$auto$alumacc.cc:512:replace_alu$20.fa.$xor$/usr/local/bin/../share/yosys/techmap.v:206$123_Y.
  removing unused non-port wire $techmap$auto$alumacc.cc:512:replace_alu$20.fa.$and$/usr/local/bin/../share/yosys/techmap.v:205$122_Y.
  removing unused non-port wire $techmap$auto$alumacc.cc:512:replace_alu$20.fa.$and$/usr/local/bin/../share/yosys/techmap.v:205$121_Y.
  removing unused non-port wire $techmap$auto$alumacc.cc:512:replace_alu$20.fa.$xor$/usr/local/bin/../share/yosys/techmap.v:205$120_Y.
  removing unused non-port wire $auto$alumacc.cc:512:replace_alu$20.fa.t3.
  removing unused non-port wire $auto$alumacc.cc:512:replace_alu$20.fa.t2.
  removing unused non-port wire $auto$alumacc.cc:512:replace_alu$20.fa.t1.
  removing unused non-port wire $auto$alumacc.cc:512:replace_alu$20.fa.Y.
  removing unused non-port wire $auto$alumacc.cc:512:replace_alu$20.fa.C.
  removing unused non-port wire $auto$alumacc.cc:512:replace_alu$20.fa.B.
  removing unused non-port wire $auto$alumacc.cc:512:replace_alu$20.fa.A.
  removing unused non-port wire $auto$alumacc.cc:512:replace_alu$20.lcu._TECHMAP_DONE_.
  removing unused non-port wire $techmap$auto$alumacc.cc:512:replace_alu$20.lcu.$and$/usr/local/bin/../share/yosys/techmap.v:231$126_Y.
  removing unused non-port wire $techmap$auto$alumacc.cc:512:replace_alu$20.lcu.$and$/usr/local/bin/../share/yosys/techmap.v:248$161_Y.
  removing unused non-port wire $auto$alumacc.cc:512:replace_alu$20.lcu.g.
  removing unused non-port wire $auto$alumacc.cc:512:replace_alu$20.lcu.p.
  removing unused non-port wire $auto$alumacc.cc:512:replace_alu$20.lcu.j.
  removing unused non-port wire $auto$alumacc.cc:512:replace_alu$20.lcu.i.
  removing unused non-port wire $auto$alumacc.cc:512:replace_alu$20.lcu.CO.
  removing unused non-port wire $auto$alumacc.cc:512:replace_alu$20.lcu.CI.
  removing unused non-port wire $auto$alumacc.cc:512:replace_alu$20.lcu.G.
  removing unused non-port wire $auto$alumacc.cc:512:replace_alu$20.lcu.P.
Removed 8 unused cells and 40 unused wires.

8.5.5. Finished fast OPT passes.

8.6. Executing ABC pass (technology mapping using ABC).

8.6.1. Extracting gate netlist of module `\top' to `<abc-temp-dir>/input.blif'..

8.6.1.1. Executed ABC.
Extracted 49 gates and 65 wires to a netlist network with 16 inputs and 9 outputs.
Running ABC script: <abc-temp-dir>/abc.script
ABC: UC Berkeley, ABC 1.01 (compiled Mar 30 2026 20:59:23)
ABC: abc 01> empty
ABC: abc 01> source <abc-temp-dir>/abc.script
ABC: + read_blif <abc-temp-dir>/input.blif 
ABC: + read_library <abc-temp-dir>/stdcells.genlib 
ABC: + strash 
ABC: + &get -n 
ABC: + &fraig -x 
ABC: + &put 
ABC: + scorr 
ABC: Warning: The network is combinational (run "fraig" or "fraig_sweep").
ABC: + dc2 
ABC: + dretime 
ABC: + strash 
ABC: + &get -n 
ABC: + &dch -f 
ABC: + &nf 
ABC: + &put 
ABC: + write_blif <abc-temp-dir>/output.blif 
ABC: 
ABC: YOSYS_ABC_DONE 

8.6.1.2. Re-integrating ABC results.
ABC RESULTS:               AND cells:        1
ABC RESULTS:              NAND cells:       22
ABC RESULTS:                OR cells:        1
ABC RESULTS:              XNOR cells:        1
ABC RESULTS:               XOR cells:       13
ABC RESULTS:        internal signals:       40
ABC RESULTS:           input signals:       16
ABC RESULTS:          output signals:        9
Removing temp directory.
Removing global temp directory.

8.7. Executing OPT pass (performing simple optimizations).

8.7.1. Executing OPT_EXPR pass (perform const folding).
Optimizing module top.

8.7.2. Executing OPT_MERGE pass (detect identical cells).
Finding identical cells in module `\top'.
Computing hashes of 47 cells of `\top'.
Finding duplicate cells in `\top'.
Removed a total of 0 cells.

8.7.3. Executing OPT_DFF pass (perform DFF optimizations).

8.7.4. Executing OPT_CLEAN pass (remove unused cells and wires).
Finding unused cells or wires in module \top..
  removing unused non-port wire $techmap$auto$alumacc.cc:512:replace_alu$20.lcu.$and$/usr/local/bin/../share/yosys/techmap.v:241$133_Y.
  removing unused non-port wire $techmap$auto$alumacc.cc:512:replace_alu$20.lcu.$and$/usr/local/bin/../share/yosys/techmap.v:240$134_Y.
  removing unused non-port wire $techmap$auto$alumacc.cc:512:replace_alu$20.lcu.$or$/usr/local/bin/../share/yosys/techmap.v:240$135_Y.
  removing unused non-port wire $techmap$auto$alumacc.cc:512:replace_alu$20.lcu.$and$/usr/local/bin/../share/yosys/techmap.v:241$136_Y.
  removing unused non-port wire $techmap$auto$alumacc.cc:512:replace_alu$20.lcu.$and$/usr/local/bin/../share/yosys/techmap.v:240$137_Y.
  removing unused non-port wire $techmap$auto$alumacc.cc:512:replace_alu$20.lcu.$or$/usr/local/bin/../share/yosys/techmap.v:240$138_Y.
  removing unused non-port wire $auto$alumacc.cc:512:replace_alu$20.fa.X.
  removing unused non-port wire $auto$alumacc.cc:512:replace_alu$20.P.
  removing unused non-port wire $techmap$auto$alumacc.cc:512:replace_alu$20.lcu.$and$/usr/local/bin/../share/yosys/techmap.v:241$139_Y.
  removing unused non-port wire $techmap$auto$alumacc.cc:512:replace_alu$20.lcu.$and$/usr/local/bin/../share/yosys/techmap.v:248$155_Y.
  removing unused non-port wire $techmap$auto$alumacc.cc:512:replace_alu$20.lcu.$and$/usr/local/bin/../share/yosys/techmap.v:240$143_Y.
  removing unused non-port wire $techmap$auto$alumacc.cc:512:replace_alu$20.lcu.$or$/usr/local/bin/../share/yosys/techmap.v:240$144_Y.
  removing unused non-port wire $auto$alumacc.cc:512:replace_alu$20.CO.
  removing unused non-port wire $techmap$auto$alumacc.cc:512:replace_alu$20.lcu.$and$/usr/local/bin/../share/yosys/techmap.v:240$140_Y.
  removing unused non-port wire $techmap$auto$alumacc.cc:512:replace_alu$20.lcu.$and$/usr/local/bin/../share/yosys/techmap.v:241$145_Y.
  removing unused non-port wire $techmap$auto$alumacc.cc:512:replace_alu$20.lcu.$and$/usr/local/bin/../share/yosys/techmap.v:248$152_Y.
  removing unused non-port wire $techmap$auto$alumacc.cc:512:replace_alu$20.lcu.$and$/usr/local/bin/../share/yosys/techmap.v:240$146_Y.
  removing unused non-port wire $techmap$auto$alumacc.cc:512:replace_alu$20.lcu.$and$/usr/local/bin/../share/yosys/techmap.v:240$128_Y.
  removing unused non-port wire $techmap$auto$alumacc.cc:512:replace_alu$20.lcu.$and$/usr/local/bin/../share/yosys/techmap.v:248$158_Y.
  removing unused non-port wire $techmap$auto$alumacc.cc:512:replace_alu$20.lcu.$and$/usr/local/bin/../share/yosys/techmap.v:248$149_Y.
  removing unused non-port wire $techmap$auto$alumacc.cc:512:replace_alu$20.lcu.$and$/usr/local/bin/../share/yosys/techmap.v:240$131_Y.
  removing unused non-port wire $techmap$auto$alumacc.cc:512:replace_alu$20.lcu.$or$/usr/local/bin/../share/yosys/techmap.v:240$132_Y.
  removing unused non-port wire $abc$257$sum[0].
  removing unused non-port wire $abc$257$sum[1].
  removing unused non-port wire $abc$257$sum[2].
  removing unused non-port wire $abc$257$sum[3].
  removing unused non-port wire $abc$257$sum[4].
  removing unused non-port wire $abc$257$sum[5].
  removing unused non-port wire $abc$257$sum[6].
  removing unused non-port wire $abc$257$sum[7].
  removing unused non-port wire $abc$257$sum[8].
  removing unused non-port wire $abc$257$acc_reg[2].
  removing unused non-port wire $abc$257$data_in[2].
  removing unused non-port wire $abc$257$acc_reg[0].
  removing unused non-port wire $abc$257$data_in[0].
  removing unused non-port wire $abc$257$acc_reg[5].
  removing unused non-port wire $abc$257$data_in[5].
  removing unused non-port wire $abc$257$acc_reg[3].
  removing unused non-port wire $abc$257$data_in[3].
  removing unused non-port wire $abc$257$acc_reg[6].
  removing unused non-port wire $abc$257$data_in[6].
  removing unused non-port wire $abc$257$acc_reg[4].
  removing unused non-port wire $abc$257$data_in[4].
  removing unused non-port wire $abc$257$acc_reg[7].
  removing unused non-port wire $abc$257$data_in[7].
  removing unused non-port wire $abc$257$acc_reg[1].
  removing unused non-port wire $abc$257$data_in[1].
Removed 0 unused cells and 47 unused wires.

8.7.5. Finished fast OPT passes.

8.8. Executing HIERARCHY pass (managing design hierarchy).
Attribute `top' found on module `top'. Setting top module to top.

8.8.1. Analyzing design hierarchy..
Top module:  \top

8.8.2. Analyzing design hierarchy..
Top module:  \top
Removed 0 unused modules.

8.9. Printing statistics.

=== top ===

        +----------Local Count, excluding submodules.
        | 
       38 wires
       67 wire bits
        9 public wires
       38 public wire bits
        6 ports
       20 port bits
       47 cells
        1   $_AND_
        9   $_DFFE_PN0P_
       22   $_NAND_
        1   $_OR_
        1   $_XNOR_
       13   $_XOR_

8.10. Executing CHECK pass (checking for obvious problems).
Checking module top...
Found and reported 0 problems.

9. Executing OPT_CLEAN pass (remove unused cells and wires).
Finding unused cells or wires in module \top..
  removing unused non-port wire \acc_reg.
  removing unused non-port wire \carry_reg.
Removed 0 unused cells and 2 unused wires.

10. Executing SPLITNETS pass (splitting up multi-bit signals).

11. Executing AUTONAME pass.
Rename cell $abc$257$auto$blifparse.cc:397:parse_blif$295 in top to sum_0__$_XOR__Y.
Rename cell $abc$257$auto$blifparse.cc:397:parse_blif$294 in top to sum_1__$_XOR__Y.
Rename cell $abc$257$auto$blifparse.cc:397:parse_blif$293 in top to sum_2__$_XOR__Y.
Rename cell $abc$257$auto$blifparse.cc:397:parse_blif$292 in top to sum_3__$_XOR__Y.
Rename cell $abc$257$auto$blifparse.cc:397:parse_blif$291 in top to sum_4__$_XOR__Y.
Rename cell $abc$257$auto$blifparse.cc:397:parse_blif$290 in top to sum_5__$_XOR__Y.
Rename cell $abc$257$auto$blifparse.cc:397:parse_blif$289 in top to sum_6__$_XOR__Y.
Rename cell $abc$257$auto$blifparse.cc:397:parse_blif$288 in top to sum_7__$_XNOR__Y.
Rename cell $abc$257$auto$blifparse.cc:397:parse_blif$286 in top to sum_8__$_NAND__Y.
Rename cell $abc$257$auto$blifparse.cc:397:parse_blif$258 in top to acc_$_NAND__B.
Rename cell $abc$257$auto$blifparse.cc:397:parse_blif$280 in top to acc_$_XOR__B.
Rename cell $abc$257$auto$blifparse.cc:397:parse_blif$277 in top to acc_$_XOR__B_1.
Rename cell $abc$257$auto$blifparse.cc:397:parse_blif$274 in top to acc_$_XOR__B_2.
Rename cell $abc$257$auto$blifparse.cc:397:parse_blif$271 in top to acc_$_XOR__B_3.
Rename cell $abc$257$auto$blifparse.cc:397:parse_blif$268 in top to acc_$_XOR__B_4.
Rename cell $abc$257$auto$blifparse.cc:397:parse_blif$267 in top to acc_$_AND__B.
Rename cell $abc$257$auto$blifparse.cc:397:parse_blif$266 in top to acc_$_NAND__B_1.
Rename cell $abc$257$auto$blifparse.cc:397:parse_blif$265 in top to acc_$_NAND__B_2.
Rename cell $abc$257$auto$blifparse.cc:397:parse_blif$264 in top to acc_$_NAND__B_3.
Rename cell $abc$257$auto$blifparse.cc:397:parse_blif$263 in top to acc_$_NAND__B_4.
Rename cell $abc$257$auto$blifparse.cc:397:parse_blif$262 in top to acc_$_NAND__B_5.
Rename cell $abc$257$auto$blifparse.cc:397:parse_blif$261 in top to acc_$_XOR__B_5.
Rename cell $abc$257$auto$blifparse.cc:397:parse_blif$260 in top to acc_$_NAND__B_6.
Rename cell $abc$257$auto$blifparse.cc:397:parse_blif$259 in top to acc_$_OR__B.
Renamed 24 objects in module top (4 iterations).

12. Executing CLOCK_GATE pass (extract clock gating out of flip flops).
maybe valid icg: ICGNX0P5H7L
\ICGNX0P5H7L is the first of its polarity
maybe valid icg: ICGNX1H7L
ties: 0 ? 0
area: 5.600000 ? 5.600000
maybe valid icg: ICGNX2H7L
ties: 0 ? 0
area: 5.600000 ? 5.880000
maybe valid icg: ICGNX3H7L
ties: 0 ? 0
area: 5.600000 ? 5.880000
maybe valid icg: ICGNX4H7L
ties: 0 ? 0
area: 5.600000 ? 6.160000
maybe valid icg: ICGX0P5H7L
\ICGX0P5H7L is the first of its polarity
maybe valid icg: ICGX1H7L
ties: 0 ? 0
area: 6.160000 ? 6.160000
maybe valid icg: ICGX2H7L
ties: 0 ? 0
area: 6.160000 ? 6.440000
maybe valid icg: ICGX3H7L
ties: 0 ? 0
area: 6.160000 ? 6.720000
maybe valid icg: ICGX4H7L
ties: 0 ? 0
area: 6.160000 ? 6.720000
Selected rising edge ICG \ICGX0P5H7L from Liberty file
Selected falling edge ICG \ICGNX0P5H7L from Liberty file
Fix up FF \acc[0]_reg_p
Fix up FF \carry_reg_p
Fix up FF \acc[7]_reg_p
Fix up FF \acc[1]_reg_p
Fix up FF \acc[2]_reg_p
Fix up FF \acc[3]_reg_p
Fix up FF \acc[4]_reg_p
Fix up FF \acc[5]_reg_p
Fix up FF \acc[6]_reg_p
Converted 9 FFs.

13. Executing DFFLIBMAP pass (mapping DFF cells to sequential cells from liberty file).
Inference failed on expression '(D * !SE) + (D * SI) + (SE * SI)' in next_state attribute of cell 'SDFFNRX0P5H7L' because it does not contain ff output 'IQ' - skipping.
Inference failed on expression '(D * !SE) + (D * SI) + (SE * SI)' in next_state attribute of cell 'SDFFNRX1H7L' because it does not contain ff output 'IQ' - skipping.
Inference failed on expression '(D * !SE) + (D * SI) + (SE * SI)' in next_state attribute of cell 'SDFFNRX2H7L' because it does not contain ff output 'IQ' - skipping.
Inference failed on expression '(D * !SE) + (D * SI) + (SE * SI)' in next_state attribute of cell 'SDFFNRX3H7L' because it does not contain ff output 'IQ' - skipping.
Inference failed on expression '(D * !SE) + (D * SI) + (SE * SI)' in next_state attribute of cell 'SDFFNSX0P5H7L' because it does not contain ff output 'IQ' - skipping.
Inference failed on expression '(D * !SE) + (D * SI) + (SE * SI)' in next_state attribute of cell 'SDFFNSX1H7L' because it does not contain ff output 'IQ' - skipping.
Inference failed on expression '(D * !SE) + (D * SI) + (SE * SI)' in next_state attribute of cell 'SDFFNSX2H7L' because it does not contain ff output 'IQ' - skipping.
Inference failed on expression '(D * !SE) + (D * SI) + (SE * SI)' in next_state attribute of cell 'SDFFNX0P5H7L' because it does not contain ff output 'IQ' - skipping.
  cell DFFNQX2H7L (noninv, pins=3, area=6.44) is a direct match for cell type $_DFF_N_.
Inference failed on expression '(D * RN)' in next_state attribute of cell 'DFFTRQX0P5H7L' because it does not contain ff output 'IQ' - skipping.
Inference failed on expression '(D * RN)' in next_state attribute of cell 'DFFTRQX1H7L' because it does not contain ff output 'IQ' - skipping.
Inference failed on expression '(D * RN)' in next_state attribute of cell 'DFFTRQX2H7L' because it does not contain ff output 'IQ' - skipping.
Inference failed on expression '(D * E * !SE) + (D * E * SI) + (SE * SI) + ((!E * !SE)) * IQ' in next_state attribute of cell 'ESDFFQX0P5H7L' because it does not evaluate to an enable flop - skipping.
Inference failed on expression '(D * E * !SE) + (D * E * SI) + (SE * SI) + ((!E * !SE)) * IQ' in next_state attribute of cell 'ESDFFQX1H7L' because it does not evaluate to an enable flop - skipping.
Inference failed on expression '(D * E * !SE) + (D * E * SI) + (SE * SI) + ((!E * !SE)) * IQ' in next_state attribute of cell 'ESDFFQX2H7L' because it does not evaluate to an enable flop - skipping.
Inference failed on expression '(D * !SE) + (D * SI) + (SE * SI)' in next_state attribute of cell 'SDFFQX0P5H7L' because it does not contain ff output 'IQ' - skipping.
Inference failed on expression '(D * !SE) + (D * SI) + (SE * SI)' in next_state attribute of cell 'SDFFQX1H7L' because it does not contain ff output 'IQ' - skipping.
Inference failed on expression '(D * !SE) + (D * SI) + (SE * SI)' in next_state attribute of cell 'SDFFQX2H7L' because it does not contain ff output 'IQ' - skipping.
Inference failed on expression '(D * !SE) + (D * SI) + (SE * SI)' in next_state attribute of cell 'SDFFQX3H7L' because it does not contain ff output 'IQ' - skipping.
Inference failed on expression '(D * !SE) + (D * SI) + (SE * SI)' in next_state attribute of cell 'SDFFRQX0P5H7L' because it does not contain ff output 'IQ' - skipping.
Inference failed on expression '(D * !SE) + (D * SI) + (SE * SI)' in next_state attribute of cell 'SDFFRQX1H7L' because it does not contain ff output 'IQ' - skipping.
Inference failed on expression '(D * !SE) + (D * SI) + (SE * SI)' in next_state attribute of cell 'SDFFRQX2H7L' because it does not contain ff output 'IQ' - skipping.
Inference failed on expression '(D * !SE) + (D * SI) + (SE * SI)' in next_state attribute of cell 'SDFFSRQX1H7L' because it does not contain ff output 'IQ' - skipping.
Inference failed on expression '(D * !SE) + (D * SI) + (SE * SI)' in next_state attribute of cell 'SDFFSRQX2H7L' because it does not contain ff output 'IQ' - skipping.
Inference failed on expression '(D * !SE) + (D * SI) + (SE * SI)' in next_state attribute of cell 'SDFFSRX0P5H7L' because it does not contain ff output 'IQ' - skipping.
Inference failed on expression '(D * !SE) + (D * SI) + (SE * SI)' in next_state attribute of cell 'SDFFSRX1H7L' because it does not contain ff output 'IQ' - skipping.
Inference failed on expression '(D * !SE) + (D * SI) + (SE * SI)' in next_state attribute of cell 'SDFFSRX2H7L' because it does not contain ff output 'IQ' - skipping.
Inference failed on expression '(D * !SE) + (D * SI) + (SE * SI)' in next_state attribute of cell 'SDFFSX0P5H7L' because it does not contain ff output 'IQ' - skipping.
Inference failed on expression '(D * !SE) + (D * SI) + (SE * SI)' in next_state attribute of cell 'SDFFSX1H7L' because it does not contain ff output 'IQ' - skipping.
Inference failed on expression '(D * !SE) + (D * SI) + (SE * SI)' in next_state attribute of cell 'SDFFSX2H7L' because it does not contain ff output 'IQ' - skipping.
Inference failed on expression '(D * RN * !SE) + (D * RN * SI) + (SE * SI)' in next_state attribute of cell 'SDFFTRQX0P5H7L' because it does not contain ff output 'IQ' - skipping.
Inference failed on expression '(D * RN * !SE) + (D * RN * SI) + (SE * SI)' in next_state attribute of cell 'SDFFTRQX1H7L' because it does not contain ff output 'IQ' - skipping.
Inference failed on expression '(D * RN * !SE) + (D * RN * SI) + (SE * SI)' in next_state attribute of cell 'SDFFTRQX2H7L' because it does not contain ff output 'IQ' - skipping.
Inference failed on expression '(D * RN * !SE) + (D * RN * SI) + (SE * SI)' in next_state attribute of cell 'SDFFTRQX3H7L' because it does not contain ff output 'IQ' - skipping.
Inference failed on expression '(D * !SE) + (D * SI) + (SE * SI)' in next_state attribute of cell 'SDFFX0P5H7L' because it does not contain ff output 'IQ' - skipping.
Inference failed on expression '(D * !SE) + (D * SI) + (SE * SI)' in next_state attribute of cell 'SDFFX1H7L' because it does not contain ff output 'IQ' - skipping.
Inference failed on expression '(D * !SE) + (D * SI) + (SE * SI)' in next_state attribute of cell 'SDFFX2H7L' because it does not contain ff output 'IQ' - skipping.
Inference failed on expression '(D * !SE) + (D * SI) + (SE * SI)' in next_state attribute of cell 'SDFFX3H7L' because it does not contain ff output 'IQ' - skipping.
  cell DFFQX1H7L (noninv, pins=3, area=6.16) is a direct match for cell type $_DFF_P_.
  cell DFFNRX0P5H7L (noninv, pins=5, area=8.40) is a direct match for cell type $_DFF_NN0_.
  cell DFFNSX2H7L (noninv, pins=5, area=9.24) is a direct match for cell type $_DFF_NN1_.
  cell DFFRQX2H7L (noninv, pins=4, area=7.84) is a direct match for cell type $_DFF_PN0_.
  cell DFFSQX2H7L (noninv, pins=4, area=8.12) is a direct match for cell type $_DFF_PN1_.
  cell DFFNSRX2H7L (noninv, pins=6, area=10.08) is a direct match for cell type $_DFFSR_NNN_.
  cell DFFSRQX1H7L (noninv, pins=5, area=9.24) is a direct match for cell type $_DFFSR_PNN_.
  final dff cell mappings:
    \DFFNQX2H7L _DFF_N_ (.CKN( C), .D( D), .Q( Q));
    \DFFQX1H7L _DFF_P_ (.CK( C), .D( D), .Q( Q));
    \DFFNRX0P5H7L _DFF_NN0_ (.CKN( C), .D( D), .Q( Q), .QN(~Q), .RN( R));
    \DFFNSX2H7L _DFF_NN1_ (.CKN( C), .D( D), .Q( Q), .QN(~Q), .SN( R));
    unmapped dff cell: $_DFF_NP0_
    unmapped dff cell: $_DFF_NP1_
    \DFFRQX2H7L _DFF_PN0_ (.CK( C), .D( D), .Q( Q), .RN( R));
    \DFFSQX2H7L _DFF_PN1_ (.CK( C), .D( D), .Q( Q), .SN( R));
    unmapped dff cell: $_DFF_PP0_
    unmapped dff cell: $_DFF_PP1_
    unmapped dff cell: $_DFFE_NN_
    unmapped dff cell: $_DFFE_NP_
    unmapped dff cell: $_DFFE_PN_
    unmapped dff cell: $_DFFE_PP_
    \DFFNSRX2H7L _DFFSR_NNN_ (.CKN( C), .D( D), .Q( Q), .QN(~Q), .RN( R), .SN( S));
    unmapped dff cell: $_DFFSR_NNP_
    unmapped dff cell: $_DFFSR_NPN_
    unmapped dff cell: $_DFFSR_NPP_
    \DFFSRQX1H7L _DFFSR_PNN_ (.CK( C), .D( D), .Q( Q), .RN( R), .SN( S));
    unmapped dff cell: $_DFFSR_PNP_
    unmapped dff cell: $_DFFSR_PPN_
    unmapped dff cell: $_DFFSR_PPP_

13.1. Executing DFFLEGALIZE pass (convert FFs to types supported by the target).
Mapping DFF cells in module `\top':
  mapped 9 $_DFF_PN0_ cells to \DFFRQX2H7L cells.

14. Executing OPT pass (performing simple optimizations).

14.1. Executing OPT_EXPR pass (perform const folding).
Optimizing module top.

14.2. Executing OPT_MERGE pass (detect identical cells).
Finding identical cells in module `\top'.
Computing hashes of 48 cells of `\top'.
Finding duplicate cells in `\top'.
Removed a total of 0 cells.

14.3. Executing OPT_MUXTREE pass (detect dead branches in mux trees).
Running muxtree optimizer on module \top..
  Creating internal representation of mux trees.
  No muxes found in this module.
Removed 0 multiplexer ports.

14.4. Executing OPT_REDUCE pass (consolidate $*mux and $reduce_* inputs).
  Optimizing cells in module \top.
Performed a total of 0 changes.

14.5. Executing OPT_MERGE pass (detect identical cells).
Finding identical cells in module `\top'.
Computing hashes of 48 cells of `\top'.
Finding duplicate cells in `\top'.
Removed a total of 0 cells.

14.6. Executing OPT_DFF pass (perform DFF optimizations).

14.7. Executing OPT_CLEAN pass (remove unused cells and wires).
Finding unused cells or wires in module \top..

14.8. Executing OPT_EXPR pass (perform const folding).
Optimizing module top.

14.9. Finished fast OPT passes. (There is nothing left to do.)
[INFO]: USING STRATEGY DELAY-4

15. Executing ABC pass (technology mapping using ABC).

15.1. Extracting gate netlist of module `\top' to `/tmp/yosys-abc-rYfB6K/input.blif'..

15.1.1. Executed ABC.
Extracted 38 gates and 54 wires to a netlist network with 16 inputs and 9 outputs.
Running ABC script: /tmp/yosys-abc-rYfB6K/abc.script
ABC: UC Berkeley, ABC 1.01 (compiled Mar 30 2026 20:59:23)
ABC: abc 01> empty
ABC: abc 01> source /tmp/yosys-abc-rYfB6K/abc.script
ABC: + read_blif /tmp/yosys-abc-rYfB6K/input.blif 
ABC: + read_lib -X LAT* -w /home/vboxuser/tools/yosys-sta/scripts/../pdk/icsprout55/IP/STD_cell/ics55_LLSC_H7C_V1p10C100/ics55_LLSC_H7CL/liberty/ics55_LLSC_H7CL_typ_tt_1p2_25_nldm.lib 
ABC: Parsing finished successfully.  Parsing time =     0.56 sec
ABC: Scl_LibertyReadGenlib() skipped sequential cell "DFFNQX1H7L".
ABC: Scl_LibertyReadGenlib() skipped sequential cell "DFFNQX2H7L".
ABC: Scl_LibertyReadGenlib() skipped sequential cell "DFFNQX3H7L".
ABC: Scl_LibertyReadGenlib() skipped sequential cell "DFFNRX0P5H7L".
ABC: Scl_LibertyReadGenlib() skipped sequential cell "DFFNRX1H7L".
ABC: Scl_LibertyReadGenlib() skipped sequential cell "DFFNRX2H7L".
ABC: Scl_LibertyReadGenlib() skipped sequential cell "DFFNRX4H7L".
ABC: Scl_LibertyReadGenlib() skipped sequential cell "DFFNSRX0P5H7L".
ABC: Scl_LibertyReadGenlib() skipped sequential cell "DFFNSRX1H7L".
ABC: Scl_LibertyReadGenlib() skipped sequential cell "DFFNSRX2H7L".
ABC: Scl_LibertyReadGenlib() skipped sequential cell "DFFNSX0P5H7L".
ABC: Scl_LibertyReadGenlib() skipped sequential cell "DFFNSX1H7L".
ABC: Scl_LibertyReadGenlib() skipped sequential cell "DFFNSX2H7L".
ABC: Scl_LibertyReadGenlib() skipped sequential cell "DFFNX0P5H7L".
ABC: Scl_LibertyReadGenlib() skipped sequential cell "DFFNX1H7L".
ABC: Scl_LibertyReadGenlib() skipped sequential cell "DFFNX2H7L".
ABC: Scl_LibertyReadGenlib() skipped sequential cell "DFFNX3H7L".
ABC: Scl_LibertyReadGenlib() skipped sequential cell "DFFQX0P5H7L".
ABC: Scl_LibertyReadGenlib() skipped sequential cell "DFFQX1H7L".
ABC: Scl_LibertyReadGenlib() skipped sequential cell "DFFQX2H7L".
ABC: Scl_LibertyReadGenlib() skipped sequential cell "DFFQX3H7L".
ABC: Scl_LibertyReadGenlib() skipped sequential cell "DFFRQNX1H7L".
ABC: Scl_LibertyReadGenlib() skipped sequential cell "DFFRQNX2H7L".
ABC: Scl_LibertyReadGenlib() skipped sequential cell "DFFRQX0P5H7L".
ABC: Scl_LibertyReadGenlib() skipped sequential cell "DFFRQX1H7L".
ABC: Scl_LibertyReadGenlib() skipped sequential cell "DFFRQX2H7L".
ABC: Scl_LibertyReadGenlib() skipped sequential cell "DFFRX0P5H7L".
ABC: Scl_LibertyReadGenlib() skipped sequential cell "DFFRX1H7L".
ABC: Scl_LibertyReadGenlib() skipped sequential cell "DFFRX2H7L".
ABC: Scl_LibertyReadGenlib() skipped sequential cell "DFFRX3H7L".
ABC: Scl_LibertyReadGenlib() skipped sequential cell "DFFSQNX1H7L".
ABC: Scl_LibertyReadGenlib() skipped sequential cell "DFFSQNX2H7L".
ABC: Scl_LibertyReadGenlib() skipped sequential cell "DFFSQX1H7L".
ABC: Scl_LibertyReadGenlib() skipped sequential cell "DFFSQX2H7L".
ABC: Scl_LibertyReadGenlib() skipped sequential cell "DFFSRQX1H7L".
ABC: Scl_LibertyReadGenlib() skipped sequential cell "DFFSRQX2H7L".
ABC: Scl_LibertyReadGenlib() skipped sequential cell "DFFSRX0P5H7L".
ABC: Scl_LibertyReadGenlib() skipped sequential cell "DFFSRX1H7L".
ABC: Scl_LibertyReadGenlib() skipped sequential cell "DFFSRX2H7L".
ABC: Scl_LibertyReadGenlib() skipped sequential cell "DFFSX0P5H7L".
ABC: Scl_LibertyReadGenlib() skipped sequential cell "DFFSX1H7L".
ABC: Scl_LibertyReadGenlib() skipped sequential cell "DFFSX2H7L".
ABC: Scl_LibertyReadGenlib() skipped sequential cell "DFFTRQX0P5H7L".
ABC: Scl_LibertyReadGenlib() skipped sequential cell "DFFTRQX1H7L".
ABC: Scl_LibertyReadGenlib() skipped sequential cell "DFFTRQX2H7L".
ABC: Scl_LibertyReadGenlib() skipped sequential cell "DFFX0P5H7L".
ABC: Scl_LibertyReadGenlib() skipped sequential cell "DFFX1H7L".
ABC: Scl_LibertyReadGenlib() skipped sequential cell "DFFX2H7L".
ABC: Scl_LibertyReadGenlib() skipped sequential cell "DFFX3H7L".
ABC: Scl_LibertyReadGenlib() skipped sequential cell "ESDFFQX0P5H7L".
ABC: Scl_LibertyReadGenlib() skipped sequential cell "ESDFFQX1H7L".
ABC: Scl_LibertyReadGenlib() skipped sequential cell "ESDFFQX2H7L".
ABC: Scl_LibertyReadGenlib() skipped cell "FILLCAP16H7L" without logic function.
ABC: Scl_LibertyReadGenlib() skipped cell "FILLCAP32H7L" without logic function.
ABC: Scl_LibertyReadGenlib() skipped cell "FILLCAP4H7L" without logic function.
ABC: Scl_LibertyReadGenlib() skipped cell "FILLCAP8H7L" without logic function.
ABC: Scl_LibertyReadGenlib() skipped cell "ICGNX0P5H7L" without logic function.
ABC: Scl_LibertyReadGenlib() skipped cell "ICGNX1H7L" without logic function.
ABC: Scl_LibertyReadGenlib() skipped cell "ICGNX2H7L" without logic function.
ABC: Scl_LibertyReadGenlib() skipped cell "ICGNX3H7L" without logic function.
ABC: Scl_LibertyReadGenlib() skipped cell "ICGNX4H7L" without logic function.
ABC: Scl_LibertyReadGenlib() skipped cell "ICGX0P5H7L" without logic function.
ABC: Scl_LibertyReadGenlib() skipped cell "ICGX1H7L" without logic function.
ABC: Scl_LibertyReadGenlib() skipped cell "ICGX2H7L" without logic function.
ABC: Scl_LibertyReadGenlib() skipped cell "ICGX3H7L" without logic function.
ABC: Scl_LibertyReadGenlib() skipped cell "ICGX4H7L" without logic function.
ABC: Scl_LibertyReadGenlib() skipped sequential cell "LATHRX0P5H7L".
ABC: Scl_LibertyReadGenlib() skipped sequential cell "LATHRX1H7L".
ABC: Scl_LibertyReadGenlib() skipped sequential cell "LATHRX2H7L".
ABC: Scl_LibertyReadGenlib() skipped sequential cell "LATHSRX0P5H7L".
ABC: Scl_LibertyReadGenlib() skipped sequential cell "LATHSRX1H7L".
ABC: Scl_LibertyReadGenlib() skipped sequential cell "LATHSRX2H7L".
ABC: Scl_LibertyReadGenlib() skipped sequential cell "LATHSX0P5H7L".
ABC: Scl_LibertyReadGenlib() skipped sequential cell "LATHSX1H7L".
ABC: Scl_LibertyReadGenlib() skipped sequential cell "LATHSX2H7L".
ABC: Scl_LibertyReadGenlib() skipped sequential cell "LATHX0P5H7L".
ABC: Scl_LibertyReadGenlib() skipped sequential cell "LATHX1H7L".
ABC: Scl_LibertyReadGenlib() skipped sequential cell "LATHX2H7L".
ABC: Scl_LibertyReadGenlib() skipped sequential cell "LATHX3H7L".
ABC: Scl_LibertyReadGenlib() skipped sequential cell "LATHX4H7L".
ABC: Scl_LibertyReadGenlib() skipped sequential cell "LATLRX0P5H7L".
ABC: Scl_LibertyReadGenlib() skipped sequential cell "LATLRX1H7L".
ABC: Scl_LibertyReadGenlib() skipped sequential cell "LATLRX2H7L".
ABC: Scl_LibertyReadGenlib() skipped sequential cell "LATLSRX0P5H7L".
ABC: Scl_LibertyReadGenlib() skipped sequential cell "LATLSRX1H7L".
ABC: Scl_LibertyReadGenlib() skipped sequential cell "LATLSRX2H7L".
ABC: Scl_LibertyReadGenlib() skipped sequential cell "LATLSX0P5H7L".
ABC: Scl_LibertyReadGenlib() skipped sequential cell "LATLSX1H7L".
ABC: Scl_LibertyReadGenlib() skipped sequential cell "LATLSX2H7L".
ABC: Scl_LibertyReadGenlib() skipped sequential cell "LATLX0P5H7L".
ABC: Scl_LibertyReadGenlib() skipped sequential cell "LATLX1H7L".
ABC: Scl_LibertyReadGenlib() skipped sequential cell "LATLX2H7L".
ABC: Scl_LibertyReadGenlib() skipped sequential cell "LATLX3H7L".
ABC: Scl_LibertyReadGenlib() skipped sequential cell "LATLX4H7L".
ABC: Scl_LibertyReadGenlib() skipped sequential cell "SDFFNRX0P5H7L".
ABC: Scl_LibertyReadGenlib() skipped sequential cell "SDFFNRX1H7L".
ABC: Scl_LibertyReadGenlib() skipped sequential cell "SDFFNRX2H7L".
ABC: Scl_LibertyReadGenlib() skipped sequential cell "SDFFNRX3H7L".
ABC: Scl_LibertyReadGenlib() skipped sequential cell "SDFFNSX0P5H7L".
ABC: Scl_LibertyReadGenlib() skipped sequential cell "SDFFNSX1H7L".
ABC: Scl_LibertyReadGenlib() skipped sequential cell "SDFFNSX2H7L".
ABC: Scl_LibertyReadGenlib() skipped sequential cell "SDFFNX0P5H7L".
ABC: Scl_LibertyReadGenlib() skipped sequential cell "SDFFQX0P5H7L".
ABC: Scl_LibertyReadGenlib() skipped sequential cell "SDFFQX1H7L".
ABC: Scl_LibertyReadGenlib() skipped sequential cell "SDFFQX2H7L".
ABC: Scl_LibertyReadGenlib() skipped sequential cell "SDFFQX3H7L".
ABC: Scl_LibertyReadGenlib() skipped sequential cell "SDFFRQX0P5H7L".
ABC: Scl_LibertyReadGenlib() skipped sequential cell "SDFFRQX1H7L".
ABC: Scl_LibertyReadGenlib() skipped sequential cell "SDFFRQX2H7L".
ABC: Scl_LibertyReadGenlib() skipped sequential cell "SDFFSRQX1H7L".
ABC: Scl_LibertyReadGenlib() skipped sequential cell "SDFFSRQX2H7L".
ABC: Scl_LibertyReadGenlib() skipped sequential cell "SDFFSRX0P5H7L".
ABC: Scl_LibertyReadGenlib() skipped sequential cell "SDFFSRX1H7L".
ABC: Scl_LibertyReadGenlib() skipped sequential cell "SDFFSRX2H7L".
ABC: Scl_LibertyReadGenlib() skipped sequential cell "SDFFSX0P5H7L".
ABC: Scl_LibertyReadGenlib() skipped sequential cell "SDFFSX1H7L".
ABC: Scl_LibertyReadGenlib() skipped sequential cell "SDFFSX2H7L".
ABC: Scl_LibertyReadGenlib() skipped sequential cell "SDFFTRQX0P5H7L".
ABC: Scl_LibertyReadGenlib() skipped sequential cell "SDFFTRQX1H7L".
ABC: Scl_LibertyReadGenlib() skipped sequential cell "SDFFTRQX2H7L".
ABC: Scl_LibertyReadGenlib() skipped sequential cell "SDFFTRQX3H7L".
ABC: Scl_LibertyReadGenlib() skipped sequential cell "SDFFX0P5H7L".
ABC: Scl_LibertyReadGenlib() skipped sequential cell "SDFFX1H7L".
ABC: Scl_LibertyReadGenlib() skipped sequential cell "SDFFX2H7L".
ABC: Scl_LibertyReadGenlib() skipped sequential cell "SDFFX3H7L".
ABC: Scl_LibertyReadGenlib() skipped three-state cell "TBUFX0P5H7L".
ABC: Scl_LibertyReadGenlib() skipped three-state cell "TBUFX0P7H7L".
ABC: Scl_LibertyReadGenlib() skipped three-state cell "TBUFX12H7L".
ABC: Scl_LibertyReadGenlib() skipped three-state cell "TBUFX16H7L".
ABC: Scl_LibertyReadGenlib() skipped three-state cell "TBUFX1H7L".
ABC: Scl_LibertyReadGenlib() skipped three-state cell "TBUFX1P4H7L".
ABC: Scl_LibertyReadGenlib() skipped three-state cell "TBUFX2H7L".
ABC: Scl_LibertyReadGenlib() skipped three-state cell "TBUFX3H7L".
ABC: Scl_LibertyReadGenlib() skipped three-state cell "TBUFX4H7L".
ABC: Scl_LibertyReadGenlib() skipped three-state cell "TBUFX6H7L".
ABC: Scl_LibertyReadGenlib() skipped three-state cell "TBUFX8H7L".
ABC: Scl_LibertyReadGenlib() skipped three-state cell "TINVX0P5H7L".
ABC: Scl_LibertyReadGenlib() skipped three-state cell "TINVX0P7H7L".
ABC: Scl_LibertyReadGenlib() skipped three-state cell "TINVX12H7L".
ABC: Scl_LibertyReadGenlib() skipped three-state cell "TINVX16H7L".
ABC: Scl_LibertyReadGenlib() skipped three-state cell "TINVX1H7L".
ABC: Scl_LibertyReadGenlib() skipped three-state cell "TINVX1P4H7L".
ABC: Scl_LibertyReadGenlib() skipped three-state cell "TINVX2H7L".
ABC: Scl_LibertyReadGenlib() skipped three-state cell "TINVX3H7L".
ABC: Scl_LibertyReadGenlib() skipped three-state cell "TINVX4H7L".
ABC: Scl_LibertyReadGenlib() skipped three-state cell "TINVX6H7L".
ABC: Scl_LibertyReadGenlib() skipped three-state cell "TINVX8H7L".
ABC: Library "ics55_LLSC_H7CL_typ_tt_1p2_25" from "/home/vboxuser/tools/yosys-sta/scripts/../pdk/icsprout55/IP/STD_cell/ics55_LLSC_H7C_V1p10C100/ics55_LLSC_H7CL/liberty/ics55_LLSC_H7CL_typ_tt_1p2_25_nldm.lib" has 600 cells (147 skipped: 111 seq; 22 tri-state; 14 no func; 0 dont_use; 0 with 2 outputs; 0 with 3+ outputs).  Time =     0.83 sec
ABC: Memory =  135.92 MB. Time =     0.83 sec
ABC: Warning: Detected 6 multi-output cells (for example, "ADDFX1H7L").
ABC: + read_constr -v /home/vboxuser/soc-axi-dma-platform/syn_results/top-100MHz/abc.sdc 
ABC: Setting driving cell to be "BUFX0P5H7L".
ABC: Setting output load to be 1.600000.
ABC: + &get -n 
ABC: + &st 
ABC: + &dch 
ABC: + &nf 
ABC: + &put 
ABC: + &get -n 
ABC: + &st 
ABC: + &syn2 
ABC: + &if -g -K 6 
ABC: + &synch2 
ABC: + &nf 
ABC: + &put 
ABC: + &get -n 
ABC: + &st 
ABC: + &syn2 
ABC: + &if -g -K 6 
ABC: + &synch2 
ABC: + &nf 
ABC: + &put 
ABC: + &get -n 
ABC: + &st 
ABC: + &syn2 
ABC: + &if -g -K 6 
ABC: + &synch2 
ABC: + &nf 
ABC: + &put 
ABC: + &get -n 
ABC: + &st 
ABC: + &syn2 
ABC: + &if -g -K 6 
ABC: + &synch2 
ABC: + &nf 
ABC: + &put 
ABC: + &get -n 
ABC: + &st 
ABC: + &syn2 
ABC: + &if -g -K 6 
ABC: + &synch2 
ABC: + &nf 
ABC: + &put 
ABC: + buffer -c -N 24 
ABC: + topo 
ABC: + stime -c 
ABC: WireLoad = "none"  Gates =     45 (  4.4 %)   Cap =  2.0 ff (  0.0 %)   Area =       92.12 (100.0 %)   Delay =   380.71 ps  ( 17.8 %)               
ABC: + upsize -c 
ABC: + dnsize -c 
ABC: + 
ABC: + stime -p 
ABC: WireLoad = "none"  Gates =     45 (  4.4 %)   Cap =  2.4 ff ( 22.1 %)   Area =       99.68 ( 51.1 %)   Delay =   300.78 ps  ( 28.9 %)               
ABC: Path  0 --      15 : 0    4 pi           A =   0.00  Df =  58.4  -20.9 ps  S = 116.1 ps  Cin =  0.0 ff  Cout =   6.7 ff  Cmax =   0.0 ff  G =    0  
ABC: Path  1 --      29 : 4    4 AOI31X4H7L   A =   4.20  Df = 114.5  -13.5 ps  S =  67.9 ps  Cin =  2.2 ff  Cout =   4.7 ff  Cmax =  79.7 ff  G =  219  
ABC: Path  2 --      33 : 4    4 OAOI211X4H7L A =   4.20  Df = 192.5  -54.3 ps  S =  86.6 ps  Cin =  2.2 ff  Cout =   3.9 ff  Cmax =  53.8 ff  G =  179  
ABC: Path  3 --      44 : 4    1 OAI31X2H7L   A =   2.52  Df = 224.8  -24.3 ps  S =  65.5 ps  Cin =  1.1 ff  Cout =   1.1 ff  Cmax =  27.2 ff  G =  101  
ABC: Path  4 --      45 : 2    1 XNOR2X4H7L   A =   3.64  Df = 300.8  -21.3 ps  S =  28.1 ps  Cin =  1.5 ff  Cout =   1.6 ff  Cmax = 162.2 ff  G =  105  
ABC: Start-point = pi14 (\data_in [0]).  End-point = po1 (\sum_6_).
ABC: + print_stats -m 
ABC: netlist                       : i/o =   16/    9  lat =    0  nd =    45  edge =    116  area =99.68  delay = 4.00  lev = 4
ABC: + write_blif /tmp/yosys-abc-rYfB6K/output.blif 
ABC: 
ABC: YOSYS_ABC_DONE 

15.1.2. Re-integrating ABC results.
ABC RESULTS:         AND2X1H7L cells:        2
ABC RESULTS:        AOI21X4H7L cells:        1
ABC RESULTS:    AOI2BB1X0P5H7L cells:        2
ABC RESULTS:      AOI2BB1X2H7L cells:        1
ABC RESULTS:      AOI31X0P5H7L cells:        2
ABC RESULTS:        AOI31X2H7L cells:        1
ABC RESULTS:        AOI31X4H7L cells:        1
ABC RESULTS:        INVX0P5H7L cells:        2
ABC RESULTS:      NAND2X0P5H7L cells:        2
ABC RESULTS:      NAND2X1P4H7L cells:        1
ABC RESULTS:       NOR2X0P5H7L cells:        4
ABC RESULTS:       NOR2X1P4H7L cells:        1
ABC RESULTS:      OAI21X0P5H7L cells:        1
ABC RESULTS:      OAI21X1P4H7L cells:        1
ABC RESULTS:       OAI222X1H7L cells:        1
ABC RESULTS:        OAI31X2H7L cells:        2
ABC RESULTS:    OAOI211X1P4H7L cells:        1
ABC RESULTS:      OAOI211X2H7L cells:        1
ABC RESULTS:      OAOI211X4H7L cells:        1
ABC RESULTS:        OR2X0P5H7L cells:        2
ABC RESULTS:      XNOR2X0P5H7L cells:        4
ABC RESULTS:      XNOR2X1P4H7L cells:        3
ABC RESULTS:        XNOR2X4H7L cells:        1
ABC RESULTS:       XOR2X0P5H7L cells:        6
ABC RESULTS:       XOR2X1P4H7L cells:        1
ABC RESULTS:        internal signals:       29
ABC RESULTS:           input signals:       16
ABC RESULTS:          output signals:        9
Removing temp directory.
Removing global temp directory.

16. Executing HILOMAP pass (mapping to constant drivers).

17. Executing SETUNDEF pass (replace undef values with defined constants).

18. Executing OPT_CLEAN pass (remove unused cells and wires).
Finding unused cells or wires in module \top..
  removing unused non-port wire $abc$257$new_n48.
  removing unused non-port wire $abc$257$new_n49.
  removing unused non-port wire $abc$257$new_n47.
  removing unused non-port wire $abc$257$new_n46.
  removing unused non-port wire $abc$257$new_n45.
  removing unused non-port wire $abc$257$new_n44.
  removing unused non-port wire $abc$257$new_n43.
  removing unused non-port wire $abc$257$new_n42.
  removing unused non-port wire $abc$257$new_n41.
  removing unused non-port wire $abc$257$new_n40.
  removing unused non-port wire $abc$257$new_n39.
  removing unused non-port wire $abc$257$new_n38.
  removing unused non-port wire $abc$257$new_n37.
  removing unused non-port wire $abc$257$new_n36.
  removing unused non-port wire $abc$257$new_n35.
  removing unused non-port wire $abc$257$new_n34.
  removing unused non-port wire $abc$257$new_n33.
  removing unused non-port wire $abc$257$new_n32.
  removing unused non-port wire $abc$257$new_n31.
  removing unused non-port wire $abc$257$new_n30.
  removing unused non-port wire $abc$257$new_n29.
  removing unused non-port wire $abc$257$new_n28.
  removing unused non-port wire $abc$257$new_n27.
  removing unused non-port wire $abc$257$new_n26.
  removing unused non-port wire $abc$257$new_n55.
  removing unused non-port wire $abc$257$new_n53.
  removing unused non-port wire $abc$257$new_n52.
  removing unused non-port wire $abc$257$new_n51.
  removing unused non-port wire $abc$257$new_n50.
  removing unused non-port wire $abc$298$sum_8_.
  removing unused non-port wire $abc$298$sum_0_.
  removing unused non-port wire $abc$298$sum_1_.
  removing unused non-port wire $abc$298$sum_2_.
  removing unused non-port wire $abc$298$sum_3_.
  removing unused non-port wire $abc$298$sum_4_.
  removing unused non-port wire $abc$298$sum_5_.
  removing unused non-port wire $abc$298$sum_6_.
  removing unused non-port wire $abc$298$sum_7_.
  removing unused non-port wire $abc$298$acc[0].
  removing unused non-port wire $abc$298$data_in[0].
  removing unused non-port wire $abc$298$acc[1].
  removing unused non-port wire $abc$298$data_in[1].
  removing unused non-port wire $abc$298$acc[2].
  removing unused non-port wire $abc$298$data_in[2].
  removing unused non-port wire $abc$298$acc[3].
  removing unused non-port wire $abc$298$data_in[3].
  removing unused non-port wire $abc$298$acc[4].
  removing unused non-port wire $abc$298$data_in[4].
  removing unused non-port wire $abc$298$acc[5].
  removing unused non-port wire $abc$298$data_in[5].
  removing unused non-port wire $abc$298$acc[6].
  removing unused non-port wire $abc$298$data_in[6].
  removing unused non-port wire $abc$298$acc[7].
  removing unused non-port wire $abc$298$data_in[7].
Removed 0 unused cells and 54 unused wires.

19. Executing AUTONAME pass.
Rename cell $auto$clockgate.cc:372:execute$296 in top to en_ICGX0P5H7L_E.
Rename cell $abc$298$auto$blifparse.cc:397:parse_blif$343 in top to sum_8__OAOI211X1P4H7L_Y.
Rename cell $abc$298$auto$blifparse.cc:397:parse_blif$338 in top to sum_0__XOR2X0P5H7L_Y.
Rename cell $abc$298$auto$blifparse.cc:397:parse_blif$337 in top to sum_1__XNOR2X0P5H7L_Y.
Rename cell $abc$298$auto$blifparse.cc:397:parse_blif$334 in top to sum_2__XNOR2X0P5H7L_Y.
Rename cell $abc$298$auto$blifparse.cc:397:parse_blif$331 in top to sum_3__XNOR2X1P4H7L_Y.
Rename cell $abc$298$auto$blifparse.cc:397:parse_blif$328 in top to sum_4__XNOR2X1P4H7L_Y.
Rename cell $abc$298$auto$blifparse.cc:397:parse_blif$320 in top to sum_5__XOR2X1P4H7L_Y.
Rename cell $abc$298$auto$blifparse.cc:397:parse_blif$318 in top to sum_6__XNOR2X4H7L_Y.
Rename cell $abc$298$auto$blifparse.cc:397:parse_blif$314 in top to sum_7__XNOR2X1P4H7L_Y.
Rename wire $abc$298$new_n69 in top to sum_8__OAOI211X1P4H7L_Y_C0.
Rename wire $abc$298$new_n68 in top to sum_8__OAOI211X1P4H7L_Y_B0.
Rename wire $abc$298$new_n67 in top to sum_8__OAOI211X1P4H7L_Y_A1.
Rename wire $abc$298$new_n66 in top to sum_8__OAOI211X1P4H7L_Y_A0.
Rename wire $abc$298$new_n63 in top to sum_1__XNOR2X0P5H7L_Y_B.
Rename wire $abc$298$new_n62 in top to sum_1__XNOR2X0P5H7L_Y_A.
Rename wire $abc$298$new_n60 in top to sum_2__XNOR2X0P5H7L_Y_B.
Rename wire $abc$298$new_n59 in top to sum_2__XNOR2X0P5H7L_Y_A.
Rename wire $abc$298$new_n57 in top to sum_3__XNOR2X1P4H7L_Y_B.
Rename wire $abc$298$new_n56 in top to sum_3__XNOR2X1P4H7L_Y_A.
Rename wire $abc$298$new_n54 in top to sum_4__XNOR2X1P4H7L_Y_B.
Rename wire $abc$298$new_n53 in top to sum_4__XNOR2X1P4H7L_Y_A.
Rename wire $abc$298$new_n46 in top to sum_5__XOR2X1P4H7L_Y_B.
Rename wire $abc$298$new_n34 in top to sum_5__XOR2X1P4H7L_Y_A.
Rename wire $abc$298$new_n44 in top to sum_6__XNOR2X4H7L_Y_B.
Rename wire $abc$298$new_n42 in top to sum_6__XNOR2X4H7L_Y_A.
Rename wire $abc$298$new_n40 in top to sum_7__XNOR2X1P4H7L_Y_B.
Rename wire $abc$298$new_n39 in top to sum_7__XNOR2X1P4H7L_Y_A.
Rename cell $abc$298$auto$blifparse.cc:397:parse_blif$342 in top to sum_8__OAOI211X1P4H7L_Y_C0_NOR2X0P5H7L_Y.
Rename cell $abc$298$auto$blifparse.cc:397:parse_blif$341 in top to sum_8__OAOI211X1P4H7L_Y_B0_OAI21X0P5H7L_Y.
Rename cell $abc$298$auto$blifparse.cc:397:parse_blif$340 in top to sum_8__OAOI211X1P4H7L_Y_A1_NOR2X0P5H7L_Y.
Rename cell $abc$298$auto$blifparse.cc:397:parse_blif$339 in top to sum_8__OAOI211X1P4H7L_Y_A0_NOR2X0P5H7L_Y.
Rename cell $abc$298$auto$blifparse.cc:397:parse_blif$336 in top to sum_1__XNOR2X0P5H7L_Y_B_XOR2X0P5H7L_Y.
Rename cell $abc$298$auto$blifparse.cc:397:parse_blif$335 in top to sum_1__XNOR2X0P5H7L_Y_A_NAND2X0P5H7L_Y.
Rename cell $abc$298$auto$blifparse.cc:397:parse_blif$333 in top to sum_2__XNOR2X0P5H7L_Y_B_XNOR2X0P5H7L_Y.
Rename cell $abc$298$auto$blifparse.cc:397:parse_blif$332 in top to sum_2__XNOR2X0P5H7L_Y_A_NOR2X0P5H7L_Y.
Rename cell $abc$298$auto$blifparse.cc:397:parse_blif$330 in top to sum_3__XNOR2X1P4H7L_Y_B_XOR2X0P5H7L_Y.
Rename cell $abc$298$auto$blifparse.cc:397:parse_blif$329 in top to sum_3__XNOR2X1P4H7L_Y_A_NAND2X1P4H7L_Y.
Rename cell $abc$298$auto$blifparse.cc:397:parse_blif$327 in top to sum_4__XNOR2X1P4H7L_Y_B_XOR2X0P5H7L_Y.
Rename cell $abc$298$auto$blifparse.cc:397:parse_blif$326 in top to sum_4__XNOR2X1P4H7L_Y_A_AOI31X2H7L_Y.
Rename cell $abc$298$auto$blifparse.cc:397:parse_blif$319 in top to sum_5__XOR2X1P4H7L_Y_B_NOR2X1P4H7L_Y.
Rename cell $abc$298$auto$blifparse.cc:397:parse_blif$317 in top to sum_6__XNOR2X4H7L_Y_B_OAI31X2H7L_Y.
Rename cell $abc$298$auto$blifparse.cc:397:parse_blif$315 in top to sum_6__XNOR2X4H7L_Y_A_XOR2X0P5H7L_Y.
Rename cell $abc$298$auto$blifparse.cc:397:parse_blif$313 in top to sum_7__XNOR2X1P4H7L_Y_B_XOR2X0P5H7L_Y.
Rename cell $abc$298$auto$blifparse.cc:397:parse_blif$312 in top to sum_7__XNOR2X1P4H7L_Y_A_OAOI211X2H7L_Y.
Rename cell $abc$298$auto$blifparse.cc:397:parse_blif$308 in top to sum_5__XOR2X1P4H7L_Y_A_AOI2BB1X0P5H7L_B0.
Rename cell $abc$298$auto$blifparse.cc:397:parse_blif$307 in top to sum_5__XOR2X1P4H7L_Y_A_XNOR2X0P5H7L_Y.
Rename wire $abc$298$new_n26 in top to sum_4__XNOR2X1P4H7L_Y_A_AOI31X2H7L_Y_B0.
Rename wire $abc$298$new_n52 in top to sum_4__XNOR2X1P4H7L_Y_A_AOI31X2H7L_Y_A2.
Rename wire $abc$298$new_n50 in top to sum_4__XNOR2X1P4H7L_Y_A_AOI31X2H7L_Y_A1.
Rename wire $abc$298$new_n48 in top to sum_4__XNOR2X1P4H7L_Y_A_AOI31X2H7L_Y_A0.
Rename wire $abc$298$new_n43 in top to sum_6__XNOR2X4H7L_Y_B_OAI31X2H7L_Y_B0.
Rename wire $abc$298$new_n36 in top to sum_6__XNOR2X4H7L_Y_B_OAI31X2H7L_Y_A2.
Rename wire $abc$298$new_n35 in top to sum_7__XNOR2X1P4H7L_Y_A_OAOI211X2H7L_Y_B0.
Rename cell $abc$298$auto$blifparse.cc:397:parse_blif$299 in top to sum_4__XNOR2X1P4H7L_Y_A_AOI31X2H7L_Y_B0_AND2X1H7L_Y.
Rename cell $abc$298$auto$blifparse.cc:397:parse_blif$325 in top to sum_4__XNOR2X1P4H7L_Y_A_AOI31X2H7L_Y_A2_OAI31X2H7L_Y.
Rename cell $abc$298$auto$blifparse.cc:397:parse_blif$323 in top to sum_4__XNOR2X1P4H7L_Y_A_AOI31X2H7L_Y_A1_OAI21X1P4H7L_Y.
Rename cell $abc$298$auto$blifparse.cc:397:parse_blif$321 in top to sum_4__XNOR2X1P4H7L_Y_A_AOI31X2H7L_Y_A0_OR2X0P5H7L_Y.
Rename cell $abc$298$auto$blifparse.cc:397:parse_blif$316 in top to sum_6__XNOR2X4H7L_Y_B_OAI31X2H7L_Y_B0_OR2X0P5H7L_Y.
Rename cell $abc$298$auto$blifparse.cc:397:parse_blif$311 in top to sum_6__XNOR2X4H7L_Y_B_OAI31X2H7L_Y_A2_AOI2BB1X0P5H7L_A1N.
Rename cell $abc$298$auto$blifparse.cc:397:parse_blif$309 in top to sum_6__XNOR2X4H7L_Y_B_OAI31X2H7L_Y_A2_AND2X1H7L_Y.
Rename cell $abc$298$auto$blifparse.cc:397:parse_blif$301 in top to sum_4__XNOR2X1P4H7L_Y_A_AOI31X2H7L_Y_B0_AOI2BB1X2H7L_A1N.
Rename wire $abc$298$new_n38 in top to sum_7__XNOR2X1P4H7L_Y_A_OAOI211X2H7L_Y_C0.
Rename wire $abc$298$new_n51 in top to sum_4__XNOR2X1P4H7L_Y_A_AOI31X2H7L_Y_A2_OAI31X2H7L_Y_B0.
Rename wire $abc$298$new_n49 in top to sum_4__XNOR2X1P4H7L_Y_A_AOI31X2H7L_Y_A2_OAI31X2H7L_Y_A0.
Rename wire $abc$298$new_n37 in top to sum_6__XNOR2X4H7L_Y_B_OAI31X2H7L_Y_A2_AOI2BB1X0P5H7L_A1N_B0.
Rename wire $abc$298$new_n27 in top to sum_4__XNOR2X1P4H7L_Y_A_AOI31X2H7L_Y_B0_AOI2BB1X2H7L_A1N_B0.
Rename cell $abc$298$auto$blifparse.cc:397:parse_blif$324 in top to sum_4__XNOR2X1P4H7L_Y_A_AOI31X2H7L_Y_A2_OAI31X2H7L_Y_B0_INVX0P5H7L_Y.
Rename cell $abc$298$auto$blifparse.cc:397:parse_blif$322 in top to sum_4__XNOR2X1P4H7L_Y_A_AOI31X2H7L_Y_A2_OAI31X2H7L_Y_A0_INVX0P5H7L_Y.
Rename cell $abc$298$auto$blifparse.cc:397:parse_blif$310 in top to sum_6__XNOR2X4H7L_Y_B_OAI31X2H7L_Y_A2_AOI2BB1X0P5H7L_A1N_B0_AOI31X0P5H7L_Y.
Rename cell $abc$298$auto$blifparse.cc:397:parse_blif$300 in top to sum_4__XNOR2X1P4H7L_Y_A_AOI31X2H7L_Y_B0_AOI2BB1X2H7L_A1N_B0_AOI31X0P5H7L_Y.
Rename wire $auto$clockgate.cc:375:execute$297 in top to carry_reg_p_CK.
Rename wire $abc$298$new_n30 in top to sum_2__XNOR2X0P5H7L_Y_A_NOR2X0P5H7L_Y_B.
Rename wire $abc$298$new_n29 in top to sum_2__XNOR2X0P5H7L_Y_A_NOR2X0P5H7L_Y_A.
Rename wire $abc$298$new_n33 in top to sum_6__XNOR2X4H7L_Y_B_OAI31X2H7L_Y_A1.
Rename wire $abc$298$new_n28 in top to sum_6__XNOR2X4H7L_Y_B_OAI31X2H7L_Y_A0.
Rename cell $abc$298$auto$blifparse.cc:397:parse_blif$306 in top to sum_6__XNOR2X4H7L_Y_B_OAI31X2H7L_Y_A1_OAOI211X4H7L_Y.
Rename cell $abc$298$auto$blifparse.cc:397:parse_blif$303 in top to sum_2__XNOR2X0P5H7L_Y_A_NOR2X0P5H7L_Y_B_AOI21X4H7L_Y.
Rename cell $abc$298$auto$blifparse.cc:397:parse_blif$302 in top to sum_2__XNOR2X0P5H7L_Y_A_NOR2X0P5H7L_Y_A_AOI31X4H7L_Y.
Rename wire $abc$298$new_n32 in top to sum_6__XNOR2X4H7L_Y_B_OAI31X2H7L_Y_A1_OAOI211X4H7L_Y_C0.
Rename wire $abc$298$new_n31 in top to sum_6__XNOR2X4H7L_Y_B_OAI31X2H7L_Y_A1_OAOI211X4H7L_Y_B0.
Rename cell $abc$298$auto$blifparse.cc:397:parse_blif$305 in top to sum_6__XNOR2X4H7L_Y_B_OAI31X2H7L_Y_A1_OAOI211X4H7L_Y_C0_OAI222X1H7L_Y.
Rename cell $abc$298$auto$blifparse.cc:397:parse_blif$304 in top to sum_6__XNOR2X4H7L_Y_B_OAI31X2H7L_Y_A1_OAOI211X4H7L_Y_B0_NAND2X0P5H7L_Y.
Renamed 83 objects in module top (13 iterations).

20. Executing Verilog backend.
Dumping module `\top'.

21. Executing SPLITNETS pass (splitting up multi-bit signals).

22. Executing OPT_CLEAN pass (remove unused cells and wires).
Finding unused cells or wires in module \top..

23. Executing Liberty frontend: /home/vboxuser/tools/yosys-sta/scripts/../pdk/icsprout55/IP/STD_cell/ics55_LLSC_H7C_V1p10C100/ics55_LLSC_H7CL/liberty/ics55_LLSC_H7CL_typ_tt_1p2_25_nldm.lib
Imported 747 cell types from liberty file.

24. Executing CHECK pass (checking for obvious problems).
Checking module top...
Found and reported 0 problems.

25. Printing statistics.

=== top ===

        +----------Local Count, excluding submodules.
        |        +-Local Area, excluding submodules.
        |        | 
       66        - wires
       66        - wire bits
       66        - public wires
       66        - public wire bits
       20        - ports
       20        - port bits
       55    176.4 cells
        2     3.36   AND2X1H7L
        1     3.64   AOI21X4H7L
        2     3.92   AOI2BB1X0P5H7L
        1     2.24   AOI2BB1X2H7L
        2     3.92   AOI31X0P5H7L
        1     2.24   AOI31X2H7L
        1      4.2   AOI31X4H7L
        9    70.56   DFFRQX2H7L
        1     6.16   ICGX0P5H7L
        2     1.68   INVX0P5H7L
        2     2.24   NAND2X0P5H7L
        1     1.12   NAND2X1P4H7L
        4     4.48   NOR2X0P5H7L
        1     1.12   NOR2X1P4H7L
        1      1.4   OAI21X0P5H7L
        1      1.4   OAI21X1P4H7L
        1     3.08   OAI222X1H7L
        2     5.04   OAI31X2H7L
        1     2.24   OAOI211X1P4H7L
        1     2.52   OAOI211X2H7L
        1      4.2   OAOI211X4H7L
        2      2.8   OR2X0P5H7L
        4     11.2   XNOR2X0P5H7L
        3      8.4   XNOR2X1P4H7L
        1     3.64   XNOR2X4H7L
        6     16.8   XOR2X0P5H7L
        1      2.8   XOR2X1P4H7L

   Chip area for module '\top': 176.400000
     of which used for sequential elements: 70.560000 (40.00%)

26. Executing Verilog backend.
Dumping module `\top'.

End of script. Logfile hash: 86bcbfad24, time: 3.35s, user: 2.02s, system: 0.24s, MEM: 211.75 MB peak
Yosys 0.63+179 (git sha1 74fef31bf, clang++ 14.0.0-1ubuntu1.1 -fPIC -O3)
Time spent: 32% 2x abc (1 sec), 16% 1x clockgate (0 sec), ...
